0.487308 140
0.095060 1
3.249835 1
0.087583 1
0.164920 1
0.115029 1
0.200563 1
0.442458 1
1.907736 1
0.508247 1
0.850972 8
0.532414 2
1.543052 140
0.862923 1
3.124107 1
0.051971 1
0.125648 1
0.146491 2
0.251241 18
0.004107 140
0.694669 1
2.523632 1
0.000043 1
0.000108 1
0.000074 1
0.000091 1
0.000125 1
0.000076 1
0.000115 1
0.000092 1
0.000063 1
0.000065 1
0.000067 1
0.000103 1
0.000082 1
0.000094 1
0.000087 1
0.000090 1
0.000091 1
0.000091 1
0.000090 1
0.000094 1
0.000092 1
0.000093 1
0.000093 1
0.000093 1
0.000094 1
0.000095 8
0.001310 1
0.000036 1
0.000084 1
0.000075 1
0.000081 1
0.000081 1
0.000083 1
0.000115 1
0.000069 1
0.000105 1
0.000080 1
0.000089 1
0.000138 1
0.000159 1
0.000173 1
0.000177 1
0.000196 1
0.000155 1
0.000084 1
0.000083 1
0.000090 1
0.000087 1
0.000090 1
0.000091 1
0.000092 1
0.000093 1
0.000093 1
0.000094 2
2.314968 140
0.091596 1
1.326648 1
0.147926 1
0.198620 1
0.143916 1
0.563157 1
0.086987 1
0.126804 1
0.648261 1
0.008723 1
0.339867 4
0.359925 4
0.185833 1
0.145161 1
0.189403 4
0.471923 1
0.169130 7
0.151899 2
0.381440 374
0.002981 140
0.000934 15
3.769265 77
0.828225 1
0.477777 1
0.498799 1
0.028490 1
0.030304 1
0.029743 1
0.030683 1
0.030534 1
0.030807 1
0.029381 1
0.031691 1
0.030091 1
0.030451 1
0.030699 1
0.029362 1
0.029864 1
0.030804 1
0.030001 1
0.030048 1
0.031125 1
0.030381 1
0.030774 1
0.030986 1
0.030707 1
0.029888 1
0.029764 1
0.029822 1
0.030554 1
0.029940 1
0.029762 1
0.251194 1
0.299572 3
0.347008 5
0.331725 5
0.246268 90
0.485798 2
0.820499 140
0.066184 62
0.861461 80
0.204402 2
0.554508 1353
0.000837 247
0.000010 20
0.000004 271
0.000023 140
0.000597 15
1.454834 77
0.374451 1
1.087235 1
0.501731 1
0.028457 1
0.030247 1
0.030027 1
0.031132 1
0.028860 1
0.034593 1
0.026170 1
0.030466 1
0.030094 1
0.029683 1
0.029591 1
0.030400 1
0.030214 1
0.029983 1
0.029825 1
0.030539 1
0.030610 1
0.029787 1
0.029775 1
0.029876 1
0.030222 1
0.030670 1
0.030576 1
0.030225 1
0.031154 1
0.029862 1
0.029518 1
0.029977 5
1.770578 5
0.032851 3
0.509238 3
0.256054 3
0.290072 3
0.187572 3
0.215712 3
0.202518 3
0.198265 5
0.552955 69
0.539788 2
0.360572 140
0.097194 63
0.698526 81
0.183977 2
0.454639 169
0.000831 140
0.000577 1
4.591580 1
0.264373 1
0.153999 1
0.115716 1
0.069431 1
0.189305 1
2.017059 1
0.357852 1
0.227608 1
0.201213 1
0.209201 1
0.099897 5
0.189535 2
2.384077 140
9.498608 1
3.030390 1
0.081389 2
0.152231 243
0.002607 221
0.000031 227
0.000026 223
0.000017 140
0.001019 1
8.851782 1
0.225571 1
0.173431 1
0.616029 2
0.307044 6
