0.652716 140
0.051403 1
1.123112 1
0.147040 1
0.136933 1
0.399170 2
0.442691 25
0.003807 140
0.732152 1
1.238049 1
0.118646 1
0.665626 1
0.101439 1
0.280816 1
0.833584 1
0.104772 1
0.223094 4
0.364915 4
0.191537 1
0.088774 1
0.192944 1
0.732228 1
0.196060 8
0.223264 1
0.622691 1
0.898890 1
0.325518 1
0.413642 1
0.098741 1
0.207962 1
2.854331 1
0.288744 1
0.505287 1
0.469503 1
0.197056 1
0.191543 1
0.764432 1
0.664585 1
1.152726 1
1.458084 1
0.358609 1
0.232832 1
0.243659 1
0.103686 1
0.361119 1
0.219026 1
5.852409 1
0.097246 1
0.624041 1
0.225066 1
0.187264 2
1.782512 91
0.145206 2
0.000009 140
0.002662 45
3.168592 4
0.474596 4
0.206829 4
0.179401 4
0.225300 4
0.277819 2
0.365729 78
0.109754 2
0.000026 140
0.002476 40
2.292934 4
0.586959 1
0.987490 1
0.255304 1
0.690877 1
0.237204 4
0.382556 1
0.358140 1
0.332233 1
0.352544 2
0.274293 92
0.112344 2
0.000036 140
0.004152 45
4.972323 1
0.360606 1
0.499433 1
0.029643 1
0.030528 1
0.029498 1
0.030413 1
0.029764 1
0.030480 1
0.029896 1
0.030596 1
0.030085 3
0.268647 1
0.162907 1
0.265189 1
0.798120 1
0.407397 1
0.499212 1
0.030356 1
0.030587 1
0.030171 1
0.030044 1
0.030425 1
0.030556 1
0.029609 3
1.058383 3
0.499002 3
0.029635 3
0.029663 3
0.030514 3
0.029476 3
0.030563 3
0.030285 3
0.030098 3
0.031555 3
0.028954 3
0.028652 3
0.029990 3
0.030544 3
0.519542 3
0.431191 3
0.277590 5
0.753614 5
0.836935 5
0.307140 3
1.978105 3
0.212829 3
0.159118 3
0.186706 3
0.189766 4
0.369261 1
0.164021 2
0.458883 90
0.111022 2
0.000034 140
0.002591 44
9.212590 1
0.440695 1
0.499774 1
0.030933 1
0.030884 1
0.030775 1
0.031165 1
0.030793 1
0.030736 1
0.030156 1
0.029897 1
0.029495 1
0.031843 1
0.030720 1
0.029280 1
0.029149 3
0.298889 3
0.215951 3
0.502327 3
0.029621 3
0.030768 3
0.029773 3
0.029585 3
0.029863 3
0.031157 3
0.030668 3
0.030269 3
0.031551 3
0.028894 3
0.862232 1
1.552677 1
0.230092 1
0.212325 1
0.214413 5
1.180933 5
0.250828 2
0.394630 77
0.065389 2
0.000031 140
0.002389 44
3.246244 1
0.248219 1
0.501243 1
0.029033 1
0.030539 1
0.030730 1
0.029706 3
0.373540 5
0.445042 5
0.144957 5
0.125003 2
0.239546 89
0.069125 2
0.000024 140
0.002380 43
1.935751 1
0.362817 1
0.502674 1
0.029567 1
0.029805 1
0.029851 1
0.030882 3
0.359656 5
0.333717 5
0.871882 5
1.602402 5
0.312328 2
0.204194 89
0.068751 2
0.000136 140
0.002360 45
1.349965 1
0.809620 1
0.499901 1
0.029984 1
0.030405 1
0.030517 1
0.030887 5
6.394974 5
1.275132 2
0.407416 91
0.067837 2
0.000023 140
0.002838 45
1.134464 1
0.263375 1
0.500389 1
0.028909 1
0.030479 1
0.029614 5
3.441241 5
0.370109 5
2.346736 2
0.202131 91
0.111812 2
0.000034 140
0.002418 44
1.777055 1
0.311490 1
0.502314 1
0.030120 1
0.029703 1
0.030107 5
0.615306 5
0.244425 5
0.190153 2
0.139343 92
0.067940 2
0.000033 140
0.002817 45
1.345063 1
0.170237 1
0.501764 1
0.028456 1
0.030509 1
0.029237 1
0.030010 5
0.977621 2
0.646799 89
0.082732 2
0.000024 140
0.002479 44
8.662291 1
0.340863 1
0.499009 1
0.030927 1
0.028717 1
0.431372 5
1.923264 5
0.622016 5
0.686687 2
0.281250 90
0.070417 2
0.000017 140
0.002368 45
1.461337 1
0.267264 1
0.500253 1
0.029317 1
0.031384 1
0.208129 5
0.367805 2
0.244187 89
0.070121 2
0.000023 140
0.002388 44
1.302334 1
0.384832 1
0.499809 1
0.029862 1
0.029611 1
0.030426 1
0.030007 1
0.030400 1
0.030259 1
0.030692 1
0.030231 1
0.030490 1
0.030590 1
0.030943 1
0.029934 33
0.200265 1
1.984120 1
0.257414 1
0.256853 4
0.671410 1
0.260139 4
0.385045 1
0.196115 1
0.009057 1
0.374702 1
1.691866 1
0.173253 1
0.200346 4
0.341467 4
0.500511 4
0.029880 4
0.029523 4
0.030787 4
0.042752 4
0.507463 4
0.283178 1
0.572980 1
0.291204 1
0.070521 1
0.241656 1
0.072500 1
0.499721 1
0.252741 1
0.196370 4
0.278607 1
0.097382 1
0.091909 1
0.155495 1
0.154117 1
0.220738 1
0.124847 2
0.185110 2
0.915019 105
4.535882 105
0.000005 140
8.372032 1
4.845177 1
0.244009 1
0.215077 1
0.181514 2
0.279717 6
