0.394503 140
0.065921 1
5.849712 1
0.000104 1
0.000143 1
0.000129 1
0.000139 1
0.000135 1
0.000136 1
0.000135 1
0.000130 1
0.000132 1
0.000133 1
0.000188 1
0.000198 3
0.000194 7
0.000015 2
0.000080 1
0.000047 2
0.000010 1
0.000056 1
0.000039 1
0.000041 1
0.000024 1
0.000071 1
0.000041 1
0.000034 1
0.000034 1
0.000042 1
0.000067 1
0.000040 1
0.000073 1
0.000035 1
0.000038 1
0.000039 1
0.000053 1
0.000035 1
0.000047 1
0.000037 2
0.000132 2
1.315192 31
5.536411 22
0.000546 2
0.000040 31
0.097966 22
0.000023 2
0.000055 31
0.099718 22
0.000079 2
0.000086 31
0.099807 22
0.000031 2
0.000029 31
0.100067 22
0.000005 2
0.000031 31
0.100114 22
0.000006 2
0.000011 31
0.100093 22
0.000007 2
0.000012 30
0.100128 22
0.000017 2
0.000015 31
0.100235 22
0.000051 2
0.000214 31
0.099946 22
0.000017 2
0.000026 32
0.100142 22
0.000045 2
0.000043 56
0.100147 30
0.100033 22
0.000053 2
0.000024 32
0.100109 22
0.000005 2
0.000026 32
0.100060 24
0.000066 32
0.100060 22
0.000018 2
0.000038 54
0.100197 2
0.000077 54
0.100098 2
0.000080 32
0.100024 22
0.000069 2
0.000034 55
0.100170 32
0.100089 22
0.000028 2
0.000072 32
0.100070 24
0.000035 32
0.100192 22
0.000128 2
0.000019 32
0.099956 22
0.000025 2
0.000029 31
0.100221 22
0.000006 2
0.000021 32
0.100110 22
0.000043 2
0.000038 32
0.100092 22
0.000009 2
0.000017 32
0.100120 22
0.000029 2
0.000035 32
0.100077 22
0.000016 2
0.000029 32
0.100072 22
0.000014 2
0.000026 32
0.100166 24
0.000011 54
0.100201 2
0.000029 54
0.100164 2
0.000007 32
0.100074 22
0.000022 2
0.000003 32
0.100234 22
0.000005 2
0.000028 32
0.100071 22
0.000007 2
0.000018 32
0.100132 22
0.000030 2
0.000004 32
0.100189 24
0.000011 32
0.100227 24
0.000011 32
0.100041 22
0.000008 2
0.000037 32
0.100183 24
0.000012 32
0.100158 22
0.000013 2
0.000006 31
0.100195 22
0.000042 2
0.000014 32
0.100016 22
0.000009 2
0.000005 32
0.100130 22
0.000007 2
0.000003 32
0.100146 22
0.000021 2
0.000006 33
0.100219 24
0.000014 33
0.099135 22
0.000005 2
0.000098 32
0.100038 22
0.000004 2
0.000019 33
0.100127 22
0.000005 2
0.000039 33
0.100092 22
0.000007 2
0.000018 55
0.100125 2
0.000008 33
0.100141 24
0.000006 33
0.100126 22
0.000006 2
0.000030 33
0.100106 22
0.000019 2
0.000015 32
0.100172 22
0.000004 2
0.000017 33
0.100159 22
0.000005 2
0.000019 33
0.100082 22
0.000007 2
0.000028 33
0.100078 22
0.000008 2
0.000116 33
0.100097 22
0.000012 2
0.000005 33
0.099156 24
0.000010 55
0.100040 2
0.000013 33
0.100197 24
0.000010 33
0.100072 22
0.000007 2
0.000031 33
0.100236 22
0.000008 2
0.000004 33
0.100057 22
0.000025 2
0.000011 57
0.100193 33
0.100116 22
0.000004 2
0.000026 32
0.100116 24
0.000108 33
0.100135 24
0.000009 33
0.000334 22
0.000005 2
0.000814 33
0.099016 24
0.000008 33
0.100106 24
0.000108 33
0.100056 24
0.000007 33
0.099136 22
0.000015 2
0.000015 33
0.100175 22
0.000012 2
0.000034 33
0.100137 24
0.000051 33
0.100186 22
0.000007 2
0.000032 33
0.100073 22
0.000009 2
0.000041 33
0.100176 22
0.000025 2
0.000014 32
0.100179 22
0.000115 2
0.000004 33
0.100057 22
0.000024 2
0.000011 33
0.105340 22
0.000009 2
0.000030 33
0.095183 22
0.000069 2
0.000303 33
0.099714 22
0.000054 2
0.000041 57
0.100210 33
0.100171 24
0.000012 33
0.100073 24
0.000007 33
0.100121 24
0.000010 33
0.100089 24
0.000009 33
0.100300 24
0.000017 33
0.100054 22
0.000088 2
0.000013 33
0.100005 22
0.000006 2
0.000012 55
0.100156 2
0.000008 33
0.100110 22
0.000020 2
0.000085 33
0.100019 24
0.000128 33
0.100003 22
0.000025 2
0.000013 54
0.100221 2
0.000027 54
0.099991 2
0.000006 33
0.100215 24
0.000023 33
0.100145 22
0.000006 2
0.000126 34
0.100089 22
0.000004 2
0.000022 34
0.100123 22
0.000013 2
0.000005 32
0.100177 22
0.000038 2
0.000021 33
0.100136 24
0.000011 34
0.100141 24
0.000006 34
0.100116 24
0.000009 34
0.100158 24
0.000007 34
0.100170 22
0.000004 2
0.000112 34
0.100022 24
0.000007 33
0.100099 22
0.000014 2
0.000005 34
0.100147 22
0.000003 2
0.000018 34
0.100103 22
0.000031 2
0.000014 58
0.100214 34
0.100074 24
0.000010 34
0.099171 22
0.000052 2
0.000005 32
0.100095 22
0.000005 2
0.000009 55
0.100077 2
0.000008 34
0.100111 22
0.000005 2
0.000018 34
0.100138 24
0.000008 34
0.100109 22
0.000053 2
0.000005 56
0.100122 2
0.000021 34
0.100145 24
0.000011 34
0.100130 22
0.000007 2
0.000002 34
0.100134 22
0.000006 2
0.000006 34
0.100253 24
0.000022 34
0.100042 22
0.000013 2
0.000017 34
0.100269 24
0.000225 34
0.099936 22
0.000058 2
0.000028 34
0.099981 24
0.000009 55
0.100079 2
0.000009 34
0.100178 22
0.000004 2
0.000020 56
0.100052 2
0.000004 34
0.100191 24
0.000005 34
0.100095 23
0.000020 33
0.001339 22
0.000022 2
0.000003 34
0.098760 22
0.000014 2
0.000005 34
0.100258 24
0.000111 34
0.099946 22
0.000005 2
0.000014 34
0.100130 22
0.000004 2
0.000021 34
0.100175 24
0.000006 34
0.100089 22
0.000005 2
0.000010 34
0.100159 22
0.000005 2
0.000033 34
0.099071 22
0.000005 2
0.000010 33
0.100173 24
0.000013 34
0.100090 22
0.000005 2
0.000010 34
0.100161 24
0.000011 34
0.100142 22
0.000008 2
0.000111 34
0.100027 22
0.000004 2
0.000071 34
0.100046 24
0.000006 34
0.100105 24
0.000006 34
0.100132 22
0.000011 2
0.000013 34
0.100153 22
0.000005 2
0.000003 34
0.100157 24
0.000008 34
0.100100 22
0.000006 2
0.000006 56
0.100117 2
0.000004 34
0.100153 24
0.000006 56
0.099091 2
0.000011 34
0.100110 24
0.000010 33
0.100161 24
0.000010 34
0.100106 22
0.000003 2
0.000037 34
0.100094 22
0.000021 2
0.000006 56
0.100138 2
0.000010 34
0.100101 24
0.000005 34
0.100175 24
0.000006 56
0.100145 2
0.000006 33
0.100092 22
0.000007 2
0.000103 34
0.100049 24
0.000005 34
0.100088 22
0.000064 2
0.000032 34
0.100072 22
0.000003 2
0.000014 34
0.100183 22
0.000103 2
0.000005 34
0.100039 22
0.000034 2
0.000040 34
0.100000 22
0.000015 2
0.000007 56
0.100082 2
0.000008 34
0.100134 24
0.000007 58
0.100109 56
0.100171 2
0.000005 34
0.100228 24
0.000016 34
0.099979 24
0.000006 56
0.099170 2
0.000008 34
0.100078 22
0.000011 2
0.000095 55
0.100015 2
0.000007 34
0.100283 24
0.000005 58
0.100182 34
0.100095 24
0.000005 56
0.100166 2
0.000036 34
0.100098 24
0.000007 55
0.100137 2
0.000033 56
0.100124 2
0.000006 56
0.100140 2
0.000006 34
0.100102 24
0.000005 34
0.100144 24
0.000034 34
0.100167 24
0.000005 56
0.100069 2
0.000009 55
0.100120 2
0.000007 34
0.100095 24
0.000013 56
0.100205 2
0.000011 56
0.100101 2
0.000007 56
0.100162 2
0.000012 56
0.100118 2
0.000013 34
0.100052 24
0.000006 55
0.100190 2
0.000007 56
0.100139 2
0.000006 56
0.100147 2
0.000004 56
0.100144 2
0.000009 56
0.100094 2
0.000006 56
0.100169 2
0.000010 56
0.100145 2
0.000011 58
0.100078 55
0.100111 2
0.000008 58
0.100178 56
0.100093 2
0.000008 56
0.100154 2
0.000011 34
0.100094 24
0.000011 58
0.100110 56
0.100169 2
0.000007 33
0.100107 22
0.000006 2
0.000003 56
0.100133 2
0.000007 34
0.106479 22
0.000003 2
0.000016 34
0.000066 22
0.000003 2
0.000003 34
0.000036 22
0.000008 2
0.000003 34
0.000027 22
0.000038 2
0.000009 32
0.000031 24
0.000007 33
0.000026 22
0.000007 2
0.000003 2
12.953873 140
0.321186 49
2.036444 1
1.410813 1
0.608836 1
0.225180 1
0.389051 5
0.852834 2
4.026178 30
1.562349 22
0.000754 2
0.000029 30
0.097931 24
0.000009 31
0.099777 22
0.000122 2
0.000054 30
0.100097 24
0.000033 31
0.100246 22
0.000042 2
0.000006 31
0.099166 22
0.000010 2
0.000005 31
0.100239 24
0.000010 31
0.100070 22
0.000013 2
0.000002 31
0.100129 22
0.000030 2
0.000037 31
0.100187 22
0.000077 2
0.000061 32
0.100005 22
0.000004 2
0.000093 32
0.100207 24
0.000166 54
0.101771 2
0.000115 56
0.000271 32
0.097876 24
0.000009 32
0.100382 22
0.000017 2
0.000025 32
0.099292 24
0.000010 32
0.100036 22
0.000008 2
0.000032 32
0.100073 24
0.000362 31
0.099804 22
0.000011 2
0.000101 32
0.100185 24
0.000017 32
0.100134 24
0.000020 32
0.099030 22
0.000006 2
0.000026 32
0.100134 22
0.000005 2
0.000027 32
0.100075 22
0.000028 2
0.000028 30
0.100087 22
0.000028 2
0.000014 32
0.100104 22
0.000019 2
0.000007 32
0.100205 22
0.000031 2
0.000007 32
0.100088 24
0.000010 32
0.100086 22
0.000102 2
0.000088 32
0.099998 22
0.000010 2
0.000081 30
0.100160 22
0.000006 2
0.000014 54
0.100149 2
0.000013 32
0.100191 22
0.000004 2
0.000022 32
0.100111 22
0.000012 2
0.000007 32
0.100131 22
0.000025 2
0.000007 32
0.100207 22
0.000008 2
0.000020 32
0.100324 24
0.000019 32
0.002489 22
0.000012 2
0.000011 32
0.097498 24
0.000009 32
0.100159 22
0.000057 2
0.000007 32
0.099048 22
0.000025 2
0.000017 56
0.100254 32
0.100070 22
0.000026 2
0.000004 32
0.100190 22
0.000007 2
0.000025 32
0.100133 24
0.000010 32
0.100111 22
0.000005 2
0.000006 32
0.099129 22
0.000005 2
0.000025 32
0.100109 22
0.000014 2
0.000009 54
0.100174 2
0.000010 31
0.100066 22
0.000009 2
0.000031 32
0.100143 22
0.000011 2
0.000004 32
0.100147 22
0.000011 2
0.000005 32
0.100136 24
0.000009 32
0.100162 22
0.000018 2
0.000007 32
0.100116 22
0.000005 2
0.000007 54
0.100159 2
0.000007 31
0.100078 24
0.000008 54
0.100141 2
0.000008 32
0.100148 22
0.000341 2
0.000005 54
0.002400 2
0.000010 32
0.096573 24
0.000006 32
0.100026 22
0.000026 2
0.000006 32
0.100143 22
0.000014 2
0.000039 31
0.100135 22
0.000152 2
0.000028 32
0.105041 22
0.000005 2
0.000014 32
0.100154 22
0.000027 2
0.000037 32
0.100093 22
0.000006 2
0.000021 32
0.100128 22
0.000003 2
0.000020 32
0.100125 22
0.000005 2
0.000020 53
0.100112 2
0.000007 32
0.100129 22
0.000005 2
0.000012 32
0.100119 22
0.000004 2
0.000005 32
0.099130 22
0.000012 2
0.000014 32
0.100166 22
0.000005 2
0.000006 32
0.100127 22
0.000012 2
0.000022 31
0.100148 22
0.000004 2
0.000036 32
0.100313 22
0.000071 2
0.000067 32
0.099968 22
0.000083 2
0.000502 32
0.099612 22
0.000082 2
0.001410 32
0.000068 22
0.000007 2
0.000005 32
0.098604 22
0.000010 2
0.000006 32
0.100112 22
0.000016 2
0.000015 32
0.100108 22
0.000043 2
0.000372 56
0.002029 32
0.097816 22
0.000174 2
0.000032 32
0.099999 22
0.000055 2
0.000005 32
0.099952 24
0.000034 32
0.100094 22
0.000008 2
0.000036 32
0.100112 22
0.000007 2
0.000008 32
0.100119 24
0.000017 33
0.100115 22
0.000095 2
0.000006 33
0.100016 24
0.000005 33
0.100183 24
0.000004 33
0.100139 22
0.000006 2
0.000006 33
0.100215 24
0.000008 33
0.100032 24
0.000037 33
0.100087 22
0.000040 2
0.000019 33
0.100054 24
0.000005 33
0.100125 24
0.000006 33
0.100132 22
0.000005 2
0.000011 33
0.099278 24
0.000010 33
0.099975 22
0.000008 2
0.000100 33
0.100003 22
0.000009 2
0.000105 33
0.100043 24
0.000010 56
0.100214 2
0.000005 34
0.100196 22
0.000005 2
0.000003 34
0.100100 24
0.000006 34
0.100100 22
0.000011 2
0.000004 34
0.100194 22
0.000006 2
0.000015 34
0.100096 22
0.000014 2
0.000004 55
0.100099 2
0.000017 34
0.100176 22
0.000005 2
0.000003 58
0.100332 56
0.099966 2
0.000010 34
0.100157 22
0.000004 2
0.000019 34
0.100080 22
0.000006 2
0.000011 34
0.100167 24
0.000010 33
0.100057 22
0.000005 2
0.000021 34
0.100163 22
0.000394 2
0.000013 34
0.099705 24
0.000005 34
0.100109 24
0.000007 34
0.100116 22
0.000006 2
0.000006 34
0.100140 24
0.000009 34
0.100150 22
0.000005 2
0.000018 33
0.100117 22
0.000005 2
0.000002 34
0.100147 22
0.000013 2
0.000007 34
0.100184 22
0.000111 2
0.000060 34
0.100028 22
0.000112 2
0.000051 34
0.098799 22
0.000029 2
0.000027 56
0.100097 2
0.000007 56
0.100157 2
0.000011 33
0.100221 24
0.000013 34
0.100095 24
0.000012 34
0.100116 24
0.000006 34
0.100191 22
0.000005 2
0.000003 34
0.100085 22
0.000018 2
0.000016 34
0.100097 24
0.000005 34
0.100130 22
0.000006 2
0.000006 33
0.100108 22
0.000007 2
0.000037 34
0.100133 22
0.000005 2
0.000033 56
0.100057 2
0.000007 34
0.100112 24
0.000017 34
0.099133 22
0.000009 2
0.000028 34
0.100118 24
0.000005 34
0.100693 24
0.000010 34
0.099146 24
0.000010 34
0.100141 22
0.000005 2
0.000010 34
0.100153 24
0.000005 56
0.100108 2
0.000008 34
0.100266 24
0.000007 56
0.100000 2
0.000010 34
0.100094 24
0.000012 56
0.099163 2
0.000009 56
0.100119 2
0.000011 56
0.100104 2
0.000025 34
0.100083 22
0.000062 2
0.000041 55
0.100055 2
0.000010 56
0.100103 2
0.000006 56
0.100116 2
0.000005 56
0.100123 2
0.000009 34
0.100465 22
0.000005 2
0.000032 34
0.100180 22
0.000006 2
0.000010 34
0.100104 24
0.000010 56
0.100097 2
0.000006 56
0.100078 2
0.000023 34
0.100107 24
0.000007 56
0.100134 2
0.000010 34
0.100144 22
0.000005 2
0.000026 34
0.100123 22
0.000006 2
0.000025 34
0.100234 22
0.000341 2
0.000006 34
0.099807 22
0.000011 2
0.000023 58
0.100056 34
0.100108 24
0.000052 34
0.100081 24
0.000007 34
0.100177 24
0.000006 33
0.100139 24
0.000009 56
0.100183 2
0.000006 56
0.100154 2
0.000005 34
0.099124 24
0.000006 56
0.100184 2
0.000008 56
0.100074 2
0.000008 34
0.100141 24
0.000008 34
0.100131 22
0.000006 2
0.000002 56
0.100202 2
0.000010 34
0.100143 22
0.000005 2
0.000022 56
0.100097 2
0.000009 34
0.100189 24
0.000009 34
0.100119 24
0.000007 55
0.100146 2
0.000007 56
0.100108 2
0.000005 34
0.100142 22
0.000036 2
0.000022 34
0.100183 24
0.000009 58
0.099992 56
0.100123 2
0.000013 56
0.100113 2
0.000012 56
0.100106 2
0.000006 56
0.100197 2
0.000010 56
0.100059 2
0.000007 56
0.100162 2
0.000133 34
0.098906 24
0.000005 34
0.100168 22
0.000005 2
0.000019 58
0.100111 56
0.100084 2
0.000007 32
0.100139 24
0.000007 58
0.100126 58
0.000194 56
0.099996 2
0.000010 56
0.100130 2
0.000006 56
0.100099 2
0.000005 56
0.100156 2
0.000007 56
0.100163 2
0.000062 57
0.100147 56
0.100110 2
0.000007 56
0.100146 2
0.000023 56
0.100025 2
0.000010 56
0.100174 2
0.000010 56
0.100142 2
0.000020 34
0.105636 24
0.000010 34
0.000080 22
0.000006 2
0.000005 56
0.000045 2
0.000004 56
0.000026 2
0.000015 34
0.000021 24
0.000011 55
0.094394 2
0.000004 56
0.100172 2
0.000010 56
0.100137 2
0.000011 34
0.100327 24
0.000008 56
0.099969 2
0.000011 56
0.100079 2
0.000004 56
0.100173 2
0.000026 55
0.100131 2
0.000010 34
0.100096 24
0.000028 56
0.100122 2
0.000007 56
0.100232 2
0.000006 56
0.100025 2
0.000010 56
0.100195 2
0.000009 34
0.100054 24
0.000007 55
0.100217 2
0.000006 56
0.100130 2
0.000011 56
0.100110 2
0.000010 34
0.100123 22
0.000006 2
0.000016 34
0.100236 24
0.000012 34
0.100070 24
0.000006 34
0.100083 24
0.000007 57
0.100137 56
0.100193 2
0.000021 34
0.100073 24
0.000009 34
0.100159 24
0.000009 34
0.100152 24
0.000007 34
0.100083 24
0.000008 56
0.100089 2
0.000007 58
0.100118 56
0.100178 2
0.000007 34
0.100063 24
0.000009 34
0.100317 24
0.000030 34
0.098958 24
0.000035 34
0.100137 24
0.000008 58
0.100101 58
0.100078 57
0.100124 58
0.100117 58
0.100120 56
0.100176 2
0.000006 56
0.100121 2
0.000010 58
0.100099 56
0.100245 2
0.000010 53
0.100096 2
0.000010 56
0.100075 32
0.000152 22
0.000025 2
0.000004 32
0.100078 22
0.000030 2
0.000052 54
0.100032 2
0.000007 54
0.100116 2
0.000010 54
0.100108 2
0.000006 54
0.100128 2
0.000004 32
0.100648 23
0.000005 56
0.001302 54
0.098843 2
0.000007 54
0.100227 2
0.000009 55
0.100011 2
0.000033 55
0.100165 2
0.000007 33
0.100058 24
0.000012 57
0.100135 33
0.100156 24
0.000010 57
0.100182 33
0.100156 24
0.000007 55
0.100130 2
0.000007 54
0.100101 2
0.000014 55
0.100120 2
0.000012 33
0.100138 24
0.000010 33
0.100148 22
0.000003 2
0.000002 55
0.100691 2
0.000005 55
0.100144 2
0.000028 55
0.099070 2
0.000020 55
0.100264 2
0.000054 33
0.099987 24
0.000023 55
0.100106 2
0.000005 54
0.100128 2
0.000008 55
0.100123 2
0.000009 57
0.100285 55
0.100008 2
0.000005 57
0.100191 55
0.100114 2
0.000005 57
0.100206 54
0.100104 2
0.000006 33
0.000171 22
0.000005 2
0.000102 33
0.099815 24
0.000005 55
0.100141 2
0.000007 55
0.099146 2
0.000012 55
0.100138 2
0.000006 55
0.100271 2
0.000020 57
0.099980 54
0.100279 2
0.000012 33
0.099934 22
0.000005 2
0.000014 55
0.100195 2
0.000011 57
0.100093 57
0.100186 55
0.100072 2
0.000007 55
0.100161 2
0.000008 54
0.100132 2
0.000033 57
0.100102 57
0.100131 33
0.100116 24
0.000006 55
0.100149 2
0.000055 55
0.100101 2
0.000012 55
0.100097 2
0.000006 32
0.100184 22
0.000018 2
0.000005 33
0.100138 24
0.000003 55
0.100139 2
0.000006 55
0.100141 2
0.000006 33
0.100165 24
0.000008 33
0.100149 24
0.000009 55
0.100050 2
0.000006 54
0.100181 2
0.000006 55
0.100084 2
0.000007 55
0.100209 2
0.000006 55
0.100110 2
0.000005 55
0.100150 2
0.000004 33
0.100146 24
0.000017 55
0.100141 2
0.000052 54
0.100091 2
0.000005 55
0.100133 2
0.000011 55
0.100117 2
0.000008 57
0.099202 57
0.100373 33
0.099755 24
0.000004 57
0.100410 54
0.099949 2
0.000009 33
0.100133 24
0.000012 55
0.100122 2
0.000004 55
0.100138 2
0.000133 55
0.100164 2
0.000013 55
0.100021 2
0.000013 33
0.100140 24
0.000099 55
0.100155 2
0.000049 57
0.099985 55
0.100109 2
0.000008 55
0.099119 2
0.000009 55
0.100201 2
0.000006 55
0.100088 2
0.000008 55
0.100161 2
0.000008 55
0.100146 2
0.000065 55
0.100057 2
0.000009 55
0.100163 2
0.000009 57
0.099075 57
0.100126 55
0.100208 2
0.000046 55
0.100101 2
0.000008 55
0.100149 2
0.000014 55
0.100119 2
0.000009 56
0.100121 2
0.000008 56
0.099772 2
0.000010 56
0.099483 2
0.000010 56
0.100150 2
0.000007 58
0.100099 33
0.100143 24
0.000010 56
0.100132 2
0.000006 56
0.100075 2
0.000007 58
0.100117 58
0.100115 58
0.100189 56
0.100141 2
0.000028 58
0.100055 58
0.100339 34
0.100042 22
0.000025 2
0.000051 34
0.100111 22
0.000048 2
0.000054 58
0.100246 58
0.099914 58
0.100302 33
0.100093 24
0.000009 34
0.100027 24
0.000031 34
0.100112 22
0.000025 2
0.000006 58
0.099119 58
0.100261 58
0.100043 34
0.100071 24
0.000009 58
0.100207 34
0.100177 24
0.000011 58
0.100123 56
0.099257 2
0.000006 56
0.100109 2
0.000008 56
0.100138 2
0.000006 55
0.100136 2
0.000008 56
0.100148 2
0.000005 34
0.099999 24
0.000011 56
0.100110 2
0.000005 58
0.099270 58
0.100067 34
0.100116 24
0.000012 58
0.100125 55
0.100129 2
0.000010 58
0.100109 56
0.100127 2
0.000007 58
0.100178 58
0.100150 58
0.100136 56
0.100133 2
0.000007 55
0.100077 2
0.000006 56
0.100180 2
0.000006 56
0.100121 2
0.000008 56
0.100039 2
0.000012 58
0.100118 58
0.100113 58
0.100289 34
0.099937 22
0.000003 2
0.000119 58
0.100038 34
0.100203 24
0.000006 34
0.100082 22
0.000004 2
0.000019 58
0.100193 58
0.100137 58
0.100094 56
0.100126 2
0.000009 56
0.100116 2
0.000007 56
0.100129 2
0.000006 58
0.100190 34
0.100079 24
0.000008 58
0.100189 58
0.100160 56
0.100065 2
0.000005 56
0.100142 2
0.000005 58
0.100185 34
0.000141 24
0.000005 56
0.099996 2
0.000008 56
0.100063 2
0.000009 58
0.099119 34
0.100185 24
0.000012 34
0.100133 24
0.000006 56
0.100143 2
0.000010 58
0.100006 58
0.100123 56
0.100084 2
0.000005 56
0.100157 2
0.000011 56
0.099162 2
0.000018 58
0.100134 58
0.100106 34
0.100188 24
0.000007 55
0.100001 2
0.000007 58
0.100158 56
0.100112 2
0.000010 56
0.100129 2
0.000007 58
0.100221 56
0.100044 2
0.000010 56
0.100114 2
0.000007 34
0.100148 24
0.000009 55
0.100073 2
0.000006 58
0.100233 58
0.100084 56
0.100115 2
0.000005 58
0.100208 58
0.100084 58
0.100146 56
0.100100 2
0.000022 56
0.100172 2
0.000006 34
0.100211 24
0.000014 58
0.099224 58
0.100046 58
0.100071 56
0.100131 2
0.000006 55
0.100142 2
0.000006 56
0.100112 2
0.000009 58
0.100166 58
0.100098 58
0.100216 58
0.100047 58
0.100118 58
0.100327 33
0.099884 24
0.000011 34
0.100248 24
0.000014 56
0.100544 2
0.000015 56
0.100142 2
0.000007 57
0.100094 58
0.100043 58
0.100233 58
0.100115 58
0.100123 58
0.100130 58
0.100131 58
0.100154 57
0.100059 58
0.100223 58
0.100114 58
0.100152 56
0.100159 2
0.000008 56
0.100104 2
0.000008 57
0.100193 58
0.100036 58
0.100277 56
0.100054 2
0.000010 56
0.099175 2
0.000008 58
0.100093 56
0.100171 2
0.000070 58
0.100082 56
0.100075 2
0.000014 34
0.100160 24
0.000012 56
0.100061 2
0.000005 140
0.002472 50
81.824045 149
0.642870 211
0.000016 50
2.184793 360
0.448411 50
0.780132 360
1.417658 1
7.507677 1
0.207756 1
0.079783 1
0.377111 2
0.209367 6
