0.447283 140
0.054389 1
18.031736 1
0.000097 1
0.000123 1
0.000119 1
0.000126 1
0.000122 1
0.000116 1
0.000118 1
0.000117 1
0.000118 1
0.000119 1
0.000120 1
0.000140 1
0.000089 4
0.000119 2
0.000023 1
0.000022 1
0.000022 1
0.000036 2
0.000016 1
0.000046 1
0.000028 1
0.000019 1
0.000024 1
0.000015 1
0.000036 1
0.000036 1
0.000029 1
0.000035 1
0.000036 1
0.000036 1
0.000037 1
0.000038 1
0.000038 1
0.000039 1
0.000039 1
0.000040 1
0.000081 1
0.000062 1
0.000080 1
0.000044 1
0.000055 1
0.000045 1
0.000056 1
0.000046 1
0.000057 1
0.000048 1
0.000058 1
0.000076 1
0.000055 1
0.000056 1
0.000057 1
0.000059 1
0.000058 1
0.000060 1
0.000061 1
0.000060 1
0.000061 1
0.000063 1
0.000057 1
0.000061 1
0.000071 1
0.000056 1
0.000062 2
0.553920 66
0.076240 2
0.000024 68
0.096072 2
0.000006 68
0.099876 2
0.000006 69
0.099869 68
0.100282 2
0.000010 68
0.099907 2
0.000006 68
0.100110 2
0.000008 68
0.100150 2
0.000007 68
0.100510 2
0.000006 67
0.099999 2
0.000006 70
0.100202 2
0.000006 72
0.100369 70
0.099950 2
0.000167 70
0.099947 2
0.000025 72
0.100066 70
0.100095 2
0.000007 69
0.100202 2
0.000020 70
0.100164 2
0.000020 72
0.100324 70
0.100015 2
0.000012 72
0.100228 70
0.100085 2
0.000020 70
0.100272 2
0.000026 70
0.100020 72
0.100232 70
0.100472 2
0.000004 70
0.099831 2
0.000006 71
0.100189 70
0.100084 2
0.000007 70
0.100084 2
0.000006 70
0.100272 2
0.000030 69
0.100186 2
0.000027 70
0.100100 2
0.000009 69
0.100062 2
0.000016 72
0.100701 70
0.099675 2
0.000026 70
0.100102 2
0.000020 72
0.100224 72
0.100188 70
0.100104 2
0.000012 69
0.100632 2
0.000009 72
0.099874 70
0.100784 2
0.000017 70
0.099599 2
0.000006 70
0.099932 2
0.000010 69
0.100191 2
0.000022 70
0.100266 2
0.000005 70
0.099001 2
0.000067 70
0.100053 2
0.000066 70
0.100327 2
0.000012 70
0.099985 2
0.000005 68
0.100251 2
0.000008 70
0.099936 2
0.000006 70
0.100435 2
0.000100 70
0.099851 2
0.000009 70
0.100071 2
0.000008 70
0.100430 2
0.000006 70
0.099919 2
0.000104 69
0.100128 2
0.000026 70
0.100252 2
0.000007 70
0.098898 2
0.000007 68
0.100077 2
0.000007 70
0.100367 2
0.000017 70
0.104867 2
0.000040 70
0.095674 2
0.000008 68
0.099788 2
0.000006 70
0.100200 2
0.000032 70
0.100080 2
0.000008 70
0.100375 2
0.000004 70
0.100331 2
0.000054 70
0.099585 2
0.000006 69
0.100452 2
0.000005 70
0.099980 2
0.000008 70
0.099137 2
0.000007 70
0.100181 2
0.000007 70
0.100152 2
0.000069 70
0.100371 2
0.000010 70
0.100227 2
0.000063 70
0.100074 2
0.000008 69
0.100175 2
0.000007 69
0.100075 2
0.000005 70
0.105234 2
0.000006 70
0.095582 2
0.000023 70
0.099858 2
0.000018 70
0.100311 2
0.000003 70
0.099931 2
0.000006 70
0.100341 2
0.000003 70
0.099895 2
0.000019 70
0.100380 2
0.000007 70
0.099908 2
0.000007 70
0.100289 2
0.000073 70
0.099945 2
0.000007 70
0.100121 2
0.000005 69
0.100267 2
0.000006 72
0.100484 69
0.099646 2
0.000008 70
0.100286 2
0.000005 70
0.099986 2
0.000017 70
0.100171 2
0.000011 70
0.100290 2
0.000025 74
0.100086 72
0.100131 2
0.000008 72
0.100366 2
0.000009 72
0.099901 2
0.000005 72
0.100448 2
0.000019 72
0.099898 2
0.000018 72
0.100147 2
0.000006 71
0.100206 2
0.000010 72
0.100130 2
0.000006 72
0.100099 2
0.000093 72
0.100099 2
0.000011 70
0.100094 2
0.000012 71
0.100196 2
0.000029 72
0.100190 2
0.000012 74
0.099206 72
0.100011 2
0.000006 72
0.100053 2
0.000005 72
0.100127 2
0.000010 72
0.100192 2
0.000018 71
0.100141 2
0.000066 74
0.100336 72
0.099829 2
0.000027 72
0.100150 2
0.000006 74
0.100153 74
0.100189 72
0.100209 2
0.000010 74
0.100607 72
0.100034 2
0.000044 72
0.099797 2
0.000004 74
0.100041 72
0.100247 2
0.000009 72
0.100054 2
0.000006 73
0.100291 72
0.101257 2
0.000006 74
0.098946 71
0.100037 2
0.000018 74
0.100171 72
0.100177 2
0.000007 72
0.100128 2
0.000006 73
0.100161 71
0.100283 2
0.000008 72
0.098967 2
0.000014 72
0.100122 2
0.000006 72
0.100098 2
0.000018 72
0.100173 2
0.000007 72
0.100370 2
0.000016 72
0.099932 72
0.100231 2
0.000005 71
0.099956 2
0.000007 72
0.100200 2
0.000052 74
0.100104 72
0.100102 2
0.000012 72
0.100219 2
0.000006 71
0.100068 2
0.000008 74
0.100148 72
0.099078 2
0.000007 72
0.100104 2
0.000008 72
0.100124 2
0.000005 72
0.100169 2
0.000009 72
0.100280 2
0.000007 73
0.099994 72
0.100113 2
0.000008 72
0.100334 2
0.000009 72
0.099953 2
0.000007 72
0.100250 2
0.000007 72
0.100029 2
0.000006 72
0.100349 2
0.000005 70
0.099892 2
0.000007 72
0.100364 2
0.000004 72
0.100072 2
0.000006 74
0.099954 72
0.100061 2
0.000007 74
0.100207 72
0.100087 2
0.000007 71
0.100136 2
0.000004 71
0.100136 2
0.000004 74
0.100118 72
0.099149 2
0.000008 72
0.100224 2
0.000008 72
0.099950 2
0.000012 72
0.100310 2
0.000006 73
0.100191 72
0.100086 2
0.000007 72
0.100178 2
0.000007 72
0.100100 2
0.000009 72
0.100158 2
0.000025 74
0.100154 72
0.100113 2
0.000026 71
0.100084 2
0.000005 72
0.101913 2
0.000008 72
0.098622 2
0.000006 72
0.099856 2
0.000043 74
0.100191 72
0.100006 2
0.000005 72
0.100193 2
0.000011 71
0.100177 2
0.000012 72
0.100095 2
0.000007 74
0.100170 72
0.100101 2
0.000007 72
0.100112 2
0.000007 72
0.100152 2
0.000005 74
0.100168 74
0.100160 72
0.100058 2
0.000012 71
0.100142 2
0.000013 72
0.100124 2
0.000006 73
0.100240 72
0.099996 2
0.000013 72
0.100119 2
0.000006 72
0.100169 2
0.001039 73
0.099107 72
0.100120 2
0.000007 74
0.100046 72
0.100243 2
0.000010 72
0.100109 2
0.000014 72
0.100093 2
0.000007 75
0.105997 19
0.000049 2
0.000008 18
0.000004 2
0.000017 41
0.000085 40
0.000029 2
0.000005 140
0.010190 69
19.749306 2
4.541491 66
0.089993 2
0.000036 68
0.095089 2
0.000007 67
0.099919 2
0.000008 70
0.100030 68
0.100304 2
0.000006 68
0.099217 2
0.000012 68
0.100205 2
0.000006 68
0.100200 2
0.000005 68
0.100125 2
0.000026 68
0.100292 2
0.000023 70
0.100058 2
0.000018 70
0.100479 2
0.000014 69
0.101789 2
0.000034 70
0.098095 2
0.000055 70
0.100492 2
0.000018 70
0.099101 2
0.000058 69
0.100079 2
0.000014 70
0.100132 2
0.000023 69
0.100218 2
0.000014 70
0.100064 2
0.000015 69
0.100160 2
0.000017 69
0.099102 2
0.000007 72
0.100158 69
0.100125 2
0.000022 70
0.100454 2
0.000018 70
0.099779 2
0.000017 70
0.100314 2
0.000010 69
0.099984 2
0.000004 70
0.100246 2
0.000008 70
0.100054 2
0.000007 70
0.100261 2
0.000019 70
0.100140 2
0.000027 72
0.100243 70
0.100096 2
0.004214 69
0.095972 2
0.000010 69
0.100308 2
0.000004 71
0.102657 2
0.000056 70
0.097507 2
0.000006 70
0.100215 2
0.000007 70
0.099093 2
0.000005 70
0.100283 2
0.000007 72
0.100202 70
0.100075 2
0.000093 70
0.100238 2
0.000004 72
0.100015 72
0.099246 70
0.100096 2
0.000022 70
0.100152 2
0.000011 70
0.100068 2
0.000011 70
0.100135 2
0.000006 70
0.100322 2
0.000014 70
0.100263 2
0.000013 70
0.099835 2
0.000017 69
0.100039 2
0.000023 72
0.100124 70
0.100380 2
0.000023 70
0.099922 2
0.000007 71
0.102900 2
0.000006 70
0.096569 2
0.000018 70
0.100332 2
0.000027 70
0.100165 2
0.000009 70
0.100281 2
0.000051 70
0.104809 2
0.000018 70
0.100082 2
0.000204 69
0.100191 2
0.000005 69
0.100155 2
0.000007 70
0.099956 2
0.000008 70
0.100031 2
0.000058 70
0.100137 2
0.000007 70
0.100119 2
0.000007 70
0.099170 2
0.000010 70
0.100213 2
0.000006 69
0.100219 2
0.000018 72
0.099958 72
0.100578 70
0.100527 2
0.000006 70
0.101135 2
0.000005 68
0.098760 2
0.000006 70
0.099923 2
0.000006 70
0.106200 2
0.000036 72
0.094416 70
0.100145 2
0.000010 70
0.099947 2
0.000006 72
0.100195 69
0.099948 2
0.000009 70
0.100146 2
0.000009 70
0.100426 2
0.000007 70
0.099772 2
0.000007 70
0.100203 2
0.000007 72
0.100123 70
0.100305 2
0.000025 69
0.100140 2
0.000006 70
0.099965 2
0.000006 70
0.100044 2
0.000006 70
0.100306 2
0.000024 70
0.099953 2
0.000047 70
0.099115 2
0.000004 70
0.100274 2
0.000005 69
0.100042 2
0.000015 70
0.100052 2
0.000024 74
0.100238 72
0.100118 2
0.000006 72
0.100114 2
0.000012 72
0.100092 2
0.000007 74
0.100223 72
0.100119 2
0.000009 72
0.100075 2
0.000007 74
0.100240 74
0.100135 72
0.100157 2
0.000040 74
0.100228 70
0.099988 2
0.000019 71
0.100159 2
0.000010 72
0.100117 2
0.000006 72
0.101991 2
0.000006 72
0.098227 2
0.000018 74
0.100114 72
0.100228 2
0.000007 72
0.100225 2
0.000010 71
0.100206 2
0.000007 74
0.099953 72
0.100316 2
0.000036 73
0.100487 72
0.099812 2
0.000008 72
0.098997 2
0.000005 72
0.099990 2
0.000025 71
0.100107 2
0.000034 72
0.100192 2
0.000045 71
0.100111 2
0.000015 70
0.100056 2
0.000006 72
0.100189 2
0.000007 74
0.100113 72
0.100153 2
0.000010 72
0.100059 2
0.000013 74
0.100149 72
0.100187 2
0.000013 72
0.100054 2
0.000009 72
0.100335 2
0.000007 72
0.098946 2
0.000012 72
0.100087 2
0.000006 72
0.100783 2
0.000006 74
0.099238 72
0.100036 2
0.000006 71
0.100756 2
0.000005 72
0.099444 2
0.000007 74
0.100374 74
0.099901 72
0.100125 2
0.000005 72
0.099156 2
0.000008 73
0.100123 71
0.100137 2
0.000007 72
0.100247 2
0.000010 72
0.099972 2
0.000008 72
0.100237 2
0.000006 72
0.100017 2
0.000036 72
0.100048 2
0.000007 72
0.100614 2
0.000023 72
0.100090 2
0.000006 72
0.100087 2
0.000035 72
0.100092 2
0.000008 72
0.100059 2
0.000007 72
0.100110 2
0.000007 72
0.100133 2
0.000009 73
0.100237 74
0.100262 72
0.100401 2
0.000031 71
0.099851 2
0.000022 74
0.100046 72
0.100118 2
0.000013 72
0.100130 2
0.000007 72
0.100183 2
0.000006 74
0.100127 74
0.100227 73
0.100165 74
0.099066 74
0.100387 71
0.099883 2
0.000006 72
0.100241 2
0.000005 72
0.100065 2
0.000040 72
0.100211 2
0.000004 72
0.100109 2
0.000007 74
0.100113 74
0.100262 74
0.100069 72
0.100100 2
0.000006 74
0.100202 74
0.102023 72
0.098273 2
0.000005 72
0.099998 2
0.000008 72
0.100128 2
0.000007 71
0.100189 2
0.000026 72
0.100040 2
0.000034 74
0.100202 72
0.099998 2
0.000009 72
0.100120 2
0.000005 72
0.099093 2
0.000005 74
0.100213 72
0.100079 2
0.000007 71
0.100088 2
0.000012 72
0.100111 2
0.000008 72
0.100391 2
0.000011 72
0.099914 2
0.000007 72
0.100161 2
0.000007 74
0.100116 72
0.100144 2
0.000008 71
0.100216 2
0.000007 74
0.100149 72
0.100134 2
0.000010 72
0.100209 2
0.000006 71
0.099963 2
0.000007 72
0.100146 2
0.000010 72
0.100148 2
0.000009 71
0.106334 2
0.000006 74
0.093987 74
0.100193 74
0.100137 72
0.100070 2
0.000007 72
0.100146 2
0.000007 72
0.100097 2
0.000006 71
0.100174 2
0.000005 72
0.100146 2
0.000025 72
0.100161 2
0.000007 74
0.100093 72
0.100139 2
0.000010 72
0.100232 2
0.000008 72
0.100130 2
0.000006 72
0.100012 2
0.000007 74
0.100191 72
0.100193 2
0.000006 74
0.100069 74
0.100265 72
0.100139 2
0.000010 72
0.100396 72
0.099806 2
0.000034 74
0.100056 74
0.100082 72
0.100277 2
0.000005 74
0.100125 74
0.100340 72
0.099973 2
0.000009 72
0.100132 2
0.000007 72
0.100019 2
0.000007 72
0.100925 2
0.000009 72
0.099313 2
0.000014 72
0.100258 2
0.000007 72
0.099111 2
0.000018 71
0.100098 2
0.000007 73
0.100004 72
0.100090 2
0.000006 72
0.100098 2
0.000008 71
0.100110 2
0.000006 72
0.100126 2
0.000010 72
0.100208 2
0.000013 74
0.100369 72
0.099925 2
0.000008 71
0.100294 2
0.000009 70
0.100063 2
0.000008 70
0.100145 2
0.000008 70
0.100175 2
0.000005 72
0.100055 72
0.100133 72
0.100131 68
0.100087 2
0.000014 72
0.101873 72
0.098850 69
0.100146 2
0.000005 73
0.100151 73
0.100241 71
0.100022 2
0.000007 71
0.100100 2
0.000006 73
0.100255 71
0.100118 2
0.000006 72
0.100199 71
0.100093 2
0.000004 73
0.100139 73
0.100085 71
0.100150 2
0.000006 73
0.100149 70
0.100736 2
0.000005 73
0.100156 71
0.099147 2
0.000011 71
0.100074 2
0.000008 73
0.100261 71
0.100035 71
0.100098 2
0.000007 71
0.100140 2
0.000008 73
0.100165 71
0.100134 2
0.000006 73
0.100343 71
0.100008 73
0.100203 71
0.100276 2
0.000008 73
0.099996 71
0.100000 2
0.000008 73
0.099210 73
0.100163 72
0.100108 73
0.100100 73
0.100160 70
0.100058 2
0.000011 72
0.100199 73
0.100082 72
0.100164 71
0.100128 2
0.000007 71
0.100206 2
0.000108 71
0.100017 2
0.000005 73
0.100101 73
0.100124 71
0.100150 2
0.000009 73
0.100109 73
0.100253 72
0.100047 72
0.100236 73
0.100132 73
0.100169 71
0.100079 2
0.000006 73
0.102499 73
0.097850 73
0.100028 70
0.100211 2
0.000007 73
0.100126 72
0.100165 73
0.100706 73
0.099579 71
0.100172 73
0.100175 73
0.100118 71
0.100112 2
0.000005 73
0.100081 73
0.099175 73
0.100188 73
0.100035 73
0.100225 73
0.100192 73
0.100061 73
0.100135 73
0.100261 73
0.100099 71
0.100297 71
0.099979 2
0.000010 71
0.100126 2
0.000008 73
0.100203 73
0.100099 73
0.099097 73
0.100173 71
0.100080 73
0.100158 73
0.100236 73
0.100152 71
0.100099 2
0.000007 73
0.099077 73
0.100123 72
0.100202 73
0.100224 73
0.100101 73
0.100078 72
0.102128 2
0.000005 74
0.097820 72
0.099650 2
0.000007 73
0.100046 74
0.100022 73
0.100155 73
0.100152 74
0.100179 74
0.100035 74
0.100084 74
0.100183 70
0.100837 2
0.000005 73
0.099398 74
0.100456 71
0.100082 2
0.000037 72
0.100206 2
0.000008 74
0.099998 70
0.100139 2
0.000006 72
0.100061 2
0.000008 72
0.100206 2
0.000006 74
0.102206 74
0.098013 74
0.099092 72
0.100131 2
0.000005 73
0.100194 72
0.100107 2
0.000009 72
0.100160 2
0.000006 72
0.100257 2
0.000009 72
0.100064 2
0.000007 73
0.099263 73
0.100431 74
0.099787 74
0.100154 74
0.100077 72
0.100088 2
0.000005 74
0.100089 74
0.099262 74
0.100095 73
0.100130 74
0.100139 72
0.100118 2
0.000009 74
0.100159 74
0.100086 72
0.100183 2
0.000023 72
0.100099 2
0.000006 72
0.101996 2
0.000007 73
0.098292 72
0.100071 2
0.000003 74
0.100189 74
0.100117 74
0.100053 74
0.100150 72
0.100073 2
0.000024 73
0.100240 74
0.100044 72
0.100147 2
0.000022 74
0.100160 74
0.100141 72
0.100119 2
0.000019 71
0.100119 2
0.000004 74
0.100133 72
0.100077 72
0.100126 2
0.000005 74
0.100153 74
0.100185 74
0.100098 74
0.100184 74
0.100157 71
0.100061 2
0.000007 74
0.100146 74
0.100355 74
0.100081 74
0.099960 74
0.099101 74
0.100292 72
0.100075 72
0.100133 2
0.000008 74
0.100010 74
0.100131 74
0.100079 72
0.100193 2
0.000006 74
0.099262 72
0.100012 73
0.100133 74
0.100184 74
0.099990 74
0.100198 74
0.100079 73
0.100181 74
0.100093 72
0.100321 2
0.000026 73
0.099963 72
0.100200 2
0.000007 74
0.099995 74
0.100239 74
0.100075 74
0.100126 74
0.100205 72
0.100113 74
0.100176 72
0.100069 74
0.100288 74
0.100182 72
0.099069 2
0.000030 74
0.100119 73
0.100087 73
0.100111 74
0.100155 74
0.100126 74
0.100131 74
0.100119 72
0.100733 2
0.000009 74
0.099598 71
0.100044 2
0.000007 72
0.100100 2
0.000029 74
0.100114 73
0.100131 72
0.100547 72
0.100694 2
0.000010 72
0.099554 2
0.000005 72
0.100140 74
0.100173 72
0.100158 2
0.000003 74
0.100133 74
0.100156 73
0.100076 72
0.100094 2
0.000033 74
0.100075 74
0.100245 73
0.100147 74
0.100119 72
0.100220 2
0.000008 73
0.100112 72
0.100155 2
0.000008 72
0.100019 2
0.000008 74
0.100178 73
0.100183 74
0.099254 74
0.099997 73
0.100353 72
0.100515 2
0.000024 72
0.099568 2
0.000029 74
0.100153 220
0.101815 140
0.007674 1
78.416180 69
4.899287 147
0.311759 2
0.000015 211
0.000067 1
13.131958 1
0.304531 1
0.125439 1
0.180181 2
0.277592 6
