Script started on Monday 06 March 2017 09:36:20 PM IST
]0;ajay@ajay-Inspiron-3542: ~/Documents/acads/6th_sem/NetworksLab/LAB6ajay@ajay-Inspiron-3542:~/Documents/acads/6th_sem/NetworksLab/LAB6$ java Sender -s  localhost -p 12345 -l 128 -r 10 -n 500 -w 3 -b 10 -d
Seq #: 0 Time Generated: 2:749 RTT: 1.483231 Number of Attempts: 1
Seq #: 1 Time Generated: 102:288 RTT: 0.278842 Number of Attempts: 1
Seq #: 2 Time Generated: 201:846 RTT: 0.612726 Number of Attempts: 1
Seq #: 3 Time Generated: 302:21 RTT: 0.317148 Number of Attempts: 1
Seq #: 4 Time Generated: 402:169 RTT: 0.276611 Number of Attempts: 1
Seq #: 5 Time Generated: 502:311 RTT: 0.279088 Number of Attempts: 1
Seq #: 6 Time Generated: 602:453 RTT: 0.251419 Number of Attempts: 1
Seq #: 7 Time Generated: 702:595 RTT: 0.260436 Number of Attempts: 1
Seq #: 8 Time Generated: 802:776 RTT: 0.562282 Number of Attempts: 1
Seq #: 9 Time Generated: 902:947 RTT: 0.35419 Number of Attempts: 1
Seq #: 10 Time Generated: 1003:146 RTT: 0.390669 Number of Attempts: 1
Seq #: 11 Time Generated: 1103:317 RTT: 0.344129 Number of Attempts: 1
Seq #: 12 Time Generated: 1203:483 RTT: 0.356059 Number of Attempts: 1
Seq #: 13 Time Generated: 1303:649 RTT: 0.293077 Number of Attempts: 1
Seq #: 14 Time Generated: 1403:801 RTT: 0.305524 Number of Attempts: 1
Seq #: 15 Time Generated: 1503:945 RTT: 0.299783 Number of Attempts: 1
Seq #: 16 Time Generated: 1604:86 RTT: 0.361377 Number of Attempts: 1
Seq #: 17 Time Generated: 1704:251 RTT: 0.392379 Number of Attempts: 1
Seq #: 18 Time Generated: 1804:410 RTT: 0.370967 Number of Attempts: 1
Seq #: 19 Time Generated: 1904:578 RTT: 0.307055 Number of Attempts: 1
Seq #: 20 Time Generated: 2004:741 RTT: 0.385961 Number of Attempts: 1
Seq #: 21 Time Generated: 2104:916 RTT: 0.334702 Number of Attempts: 1
Seq #: 22 Time Generated: 2205:111 RTT: 0.453915 Number of Attempts: 1
Seq #: 23 Time Generated: 2305:310 RTT: 0.3018 Number of Attempts: 1
Seq #: 24 Time Generated: 2405:503 RTT: 0.339578 Number of Attempts: 1
Seq #: 25 Time Generated: 2505:676 RTT: 0.350955 Number of Attempts: 1
Seq #: 26 Time Generated: 2605:869 RTT: 0.258962 Number of Attempts: 1
Seq #: 27 Time Generated: 2706:30 RTT: 0.345824 Number of Attempts: 1
Seq #: 28 Time Generated: 2806:176 RTT: 0.294289 Number of Attempts: 1
Seq #: 29 Time Generated: 2906:322 RTT: 0.253277 Number of Attempts: 1
Seq #: 30 Time Generated: 3006:477 RTT: 0.250524 Number of Attempts: 1
Seq #: 31 Time Generated: 3106:653 RTT: 0.34955 Number of Attempts: 1
Seq #: 32 Time Generated: 3206:841 RTT: 0.300378 Number of Attempts: 1
Seq #: 33 Time Generated: 3307:11 RTT: 0.256193 Number of Attempts: 1
Seq #: 34 Time Generated: 3407:168 RTT: 0.314977 Number of Attempts: 1
Seq #: 35 Time Generated: 3507:339 RTT: 0.291109 Number of Attempts: 1
Seq #: 36 Time Generated: 3607:504 RTT: 0.283435 Number of Attempts: 1
Seq #: 37 Time Generated: 3707:666 RTT: 0.303334 Number of Attempts: 1
Seq #: 38 Time Generated: 3807:815 RTT: 0.298243 Number of Attempts: 1
Seq #: 39 Time Generated: 3907:988 RTT: 0.329985 Number of Attempts: 1
Seq #: 40 Time Generated: 4008:173 RTT: 0.31408 Number of Attempts: 1
Seq #: 41 Time Generated: 4108:348 RTT: 0.310114 Number of Attempts: 1
Seq #: 42 Time Generated: 4208:518 RTT: 0.402502 Number of Attempts: 1
Seq #: 43 Time Generated: 4308:684 RTT: 0.283523 Number of Attempts: 1
Seq #: 44 Time Generated: 4408:862 RTT: 0.257886 Number of Attempts: 1
Seq #: 45 Time Generated: 4509:23 RTT: 0.262534 Number of Attempts: 1
Seq #: 46 Time Generated: 4609:192 RTT: 0.261879 Number of Attempts: 1
Seq #: 47 Time Generated: 4708:383 RTT: 0.266359 Number of Attempts: 1
Seq #: 48 Time Generated: 4808:540 RTT: 0.220816 Number of Attempts: 1
Seq #: 49 Time Generated: 4908:717 RTT: 0.407924 Number of Attempts: 1
Seq #: 50 Time Generated: 5008:859 RTT: 0.279004 Number of Attempts: 1
Seq #: 51 Time Generated: 5109:1 RTT: 0.260069 Number of Attempts: 1
Seq #: 52 Time Generated: 5209:142 RTT: 0.255793 Number of Attempts: 1
Seq #: 53 Time Generated: 5309:286 RTT: 0.254878 Number of Attempts: 1
Seq #: 54 Time Generated: 5409:430 RTT: 0.241582 Number of Attempts: 1
Seq #: 55 Time Generated: 5509:592 RTT: 0.253178 Number of Attempts: 1
Seq #: 56 Time Generated: 5609:778 RTT: 0.294477 Number of Attempts: 1
Seq #: 57 Time Generated: 5709:914 RTT: 0.287514 Number of Attempts: 1
Seq #: 58 Time Generated: 5810:53 RTT: 0.361213 Number of Attempts: 1
Seq #: 59 Time Generated: 5910:192 RTT: 0.448897 Number of Attempts: 1
Seq #: 60 Time Generated: 6009:330 RTT: 0.246951 Number of Attempts: 1
Seq #: 61 Time Generated: 6109:470 RTT: 0.2573 Number of Attempts: 1
Seq #: 62 Time Generated: 6209:614 RTT: 0.313424 Number of Attempts: 1
Seq #: 63 Time Generated: 6309:754 RTT: 0.294475 Number of Attempts: 1
Seq #: 64 Time Generated: 6409:946 RTT: 0.331063 Number of Attempts: 1
Seq #: 65 Time Generated: 6510:96 RTT: 0.28263 Number of Attempts: 1
Seq #: 66 Time Generated: 6610:253 RTT: 0.280293 Number of Attempts: 1
Seq #: 67 Time Generated: 6710:419 RTT: 0.249416 Number of Attempts: 1
Seq #: 68 Time Generated: 6810:575 RTT: 0.263762 Number of Attempts: 1
Seq #: 69 Time Generated: 6910:738 RTT: -0.04077 Number of Attempts: 2
Seq #: 70 Time Generated: 7010:881 RTT: 0.300905 Number of Attempts: 1
Seq #: 71 Time Generated: 7111:81 RTT: 0.448883 Number of Attempts: 1
Seq #: 72 Time Generated: 7211:261 RTT: 0.243087 Number of Attempts: 1
Seq #: 73 Time Generated: 7310:414 RTT: 0.241538 Number of Attempts: 1
Seq #: 74 Time Generated: 7410:614 RTT: 0.290105 Number of Attempts: 1
Seq #: 75 Time Generated: 7510:794 RTT: 0.312502 Number of Attempts: 1
Seq #: 76 Time Generated: 7610:969 RTT: 0.331884 Number of Attempts: 1
Seq #: 77 Time Generated: 7711:157 RTT: 0.294574 Number of Attempts: 1
Seq #: 78 Time Generated: 7811:299 RTT: 0.286181 Number of Attempts: 1
Seq #: 79 Time Generated: 7911:605 RTT: 0.37141 Number of Attempts: 1
Seq #: 80 Time Generated: 8011:780 RTT: 0.26765 Number of Attempts: 1
Seq #: 81 Time Generated: 8117:145 RTT: 0.254929 Number of Attempts: 1
Seq #: 82 Time Generated: 8212:332 RTT: 0.668435 Number of Attempts: 1
Seq #: 83 Time Generated: 8312:476 RTT: 0.350039 Number of Attempts: 1
Seq #: 84 Time Generated: 8412:641 RTT: 0.343386 Number of Attempts: 1
Seq #: 85 Time Generated: 8512:796 RTT: 0.297823 Number of Attempts: 1
Seq #: 86 Time Generated: 8612:967 RTT: 0.257017 Number of Attempts: 1
Seq #: 87 Time Generated: 8713:156 RTT: 0.244234 Number of Attempts: 1
Seq #: 88 Time Generated: 8813:291 RTT: 0.223053 Number of Attempts: 1
Seq #: 89 Time Generated: 8913:449 RTT: 0.252242 Number of Attempts: 1
Seq #: 90 Time Generated: 9013:609 RTT: 0.350401 Number of Attempts: 1
Seq #: 91 Time Generated: 9113:746 RTT: 0.293311 Number of Attempts: 1
Seq #: 92 Time Generated: 9213:889 RTT: 0.279246 Number of Attempts: 1
Seq #: 93 Time Generated: 9314:37 RTT: 0.413446 Number of Attempts: 1
Seq #: 94 Time Generated: 9414:173 RTT: 0.310969 Number of Attempts: 1
Seq #: 95 Time Generated: 9514:310 RTT: 0.27287 Number of Attempts: 1
Seq #: 96 Time Generated: 9614:475 RTT: 0.263041 Number of Attempts: 1
Seq #: 97 Time Generated: 9714:606 RTT: 0.204641 Number of Attempts: 1
Seq #: 98 Time Generated: 9814:760 RTT: 0.263311 Number of Attempts: 1
Seq #: 99 Time Generated: 9914:935 RTT: 0.407286 Number of Attempts: 1
Seq #: 100 Time Generated: 10015:189 RTT: 0.279672 Number of Attempts: 1
Seq #: 101 Time Generated: 10115:342 RTT: 0.248678 Number of Attempts: 1
Seq #: 102 Time Generated: 10215:492 RTT: 0.275039 Number of Attempts: 1
Seq #: 103 Time Generated: 10315:641 RTT: 0.253805 Number of Attempts: 1
Seq #: 104 Time Generated: 10415:802 RTT: 0.217975 Number of Attempts: 1
Seq #: 105 Time Generated: 10515:970 RTT: 0.257832 Number of Attempts: 1
Seq #: 106 Time Generated: 10616:123 RTT: 0.244741 Number of Attempts: 1
Seq #: 107 Time Generated: 10716:300 RTT: 0.29084 Number of Attempts: 1
Seq #: 108 Time Generated: 10816:445 RTT: 0.252202 Number of Attempts: 1
Seq #: 109 Time Generated: 10916:588 RTT: 0.250817 Number of Attempts: 1
Seq #: 110 Time Generated: 11016:735 RTT: 0.236344 Number of Attempts: 1
Seq #: 111 Time Generated: 11116:889 RTT: 0.2518 Number of Attempts: 1
Seq #: 112 Time Generated: 11217:35 RTT: 0.259498 Number of Attempts: 1
Seq #: 113 Time Generated: 11317:194 RTT: 0.267098 Number of Attempts: 1
Seq #: 114 Time Generated: 11416:339 RTT: 0.336049 Number of Attempts: 1
Seq #: 115 Time Generated: 11516:494 RTT: 0.275394 Number of Attempts: 1
Seq #: 116 Time Generated: 11616:638 RTT: 0.256572 Number of Attempts: 1
Seq #: 117 Time Generated: 11716:755 RTT: 0.220103 Number of Attempts: 1
Seq #: 118 Time Generated: 11816:903 RTT: 0.234144 Number of Attempts: 1
Seq #: 119 Time Generated: 11917:24 RTT: 0.284862 Number of Attempts: 1
Seq #: 120 Time Generated: 12017:174 RTT: 0.281603 Number of Attempts: 1
Seq #: 121 Time Generated: 12117:332 RTT: 0.249307 Number of Attempts: 1
Seq #: 122 Time Generated: 12217:487 RTT: 0.261158 Number of Attempts: 1
Seq #: 123 Time Generated: 12317:648 RTT: 0.266072 Number of Attempts: 1
Seq #: 124 Time Generated: 12417:793 RTT: 0.248182 Number of Attempts: 1
Seq #: 125 Time Generated: 12517:945 RTT: 0.325763 Number of Attempts: 1
Seq #: 126 Time Generated: 12618:106 RTT: 0.759684 Number of Attempts: 1
Seq #: 127 Time Generated: 12718:314 RTT: 0.499262 Number of Attempts: 1
Seq #: 128 Time Generated: 12818:452 RTT: 0.315098 Number of Attempts: 1
Seq #: 129 Time Generated: 12918:583 RTT: 0.251584 Number of Attempts: 1
Seq #: 130 Time Generated: 13018:742 RTT: 0.320304 Number of Attempts: 1
Seq #: 131 Time Generated: 13118:862 RTT: 0.337272 Number of Attempts: 1
Seq #: 132 Time Generated: 13219:29 RTT: 0.293325 Number of Attempts: 1
Seq #: 133 Time Generated: 13319:171 RTT: 0.123827 Number of Attempts: 2
Seq #: 134 Time Generated: 13419:311 RTT: 0.271528 Number of Attempts: 1
Seq #: 135 Time Generated: 13519:456 RTT: 0.24067 Number of Attempts: 1
Seq #: 136 Time Generated: 13619:608 RTT: 0.262776 Number of Attempts: 1
Seq #: 137 Time Generated: 13719:758 RTT: 0.254851 Number of Attempts: 1
Seq #: 138 Time Generated: 13819:915 RTT: 0.304172 Number of Attempts: 1
Seq #: 139 Time Generated: 13920:64 RTT: 0.253604 Number of Attempts: 1
Seq #: 140 Time Generated: 14020:218 RTT: 0.43185 Number of Attempts: 1
Seq #: 141 Time Generated: 14119:377 RTT: 0.244585 Number of Attempts: 1
Seq #: 142 Time Generated: 14219:521 RTT: 0.244637 Number of Attempts: 1
Seq #: 143 Time Generated: 14319:665 RTT: 0.245405 Number of Attempts: 1
Seq #: 144 Time Generated: 14419:811 RTT: 0.244405 Number of Attempts: 1
Seq #: 145 Time Generated: 14519:961 RTT: 0.491426 Number of Attempts: 1
Seq #: 146 Time Generated: 14620:106 RTT: 0.2471 Number of Attempts: 1
Seq #: 147 Time Generated: 14720:245 RTT: 0.228717 Number of Attempts: 1
Seq #: 148 Time Generated: 14820:377 RTT: 0.23796 Number of Attempts: 1
Seq #: 149 Time Generated: 14920:518 RTT: 0.243279 Number of Attempts: 1
Seq #: 150 Time Generated: 15020:658 RTT: 0.247005 Number of Attempts: 1
Seq #: 151 Time Generated: 15120:810 RTT: 0.243752 Number of Attempts: 1
Seq #: 152 Time Generated: 15220:963 RTT: 0.270945 Number of Attempts: 1
Seq #: 153 Time Generated: 15321:85 RTT: 0.287485 Number of Attempts: 1
Seq #: 154 Time Generated: 15421:218 RTT: 0.255736 Number of Attempts: 1
Seq #: 155 Time Generated: 15520:345 RTT: 0.241104 Number of Attempts: 1
Seq #: 156 Time Generated: 15620:464 RTT: 0.235088 Number of Attempts: 1
Seq #: 157 Time Generated: 15720:610 RTT: 0.238231 Number of Attempts: 1
Seq #: 158 Time Generated: 15820:750 RTT: 0.243763 Number of Attempts: 1
Seq #: 159 Time Generated: 15920:891 RTT: 0.257701 Number of Attempts: 1
Seq #: 160 Time Generated: 16021:15 RTT: 0.245401 Number of Attempts: 1
Seq #: 161 Time Generated: 16121:165 RTT: 0.238833 Number of Attempts: 1
Seq #: 162 Time Generated: 16221:306 RTT: 0.432181 Number of Attempts: 1
Seq #: 163 Time Generated: 16321:455 RTT: 0.258273 Number of Attempts: 1
Seq #: 164 Time Generated: 16421:602 RTT: 0.392697 Number of Attempts: 1
Seq #: 165 Time Generated: 16521:733 RTT: 0.232888 Number of Attempts: 1
Seq #: 166 Time Generated: 16621:855 RTT: 0.331325 Number of Attempts: 1
Seq #: 167 Time Generated: 16721:999 RTT: 0.2491 Number of Attempts: 1
Seq #: 168 Time Generated: 16822:155 RTT: 0.390649 Number of Attempts: 1
Seq #: 169 Time Generated: 16922:289 RTT: 0.437842 Number of Attempts: 1
Seq #: 170 Time Generated: 17022:418 RTT: 0.257097 Number of Attempts: 1
Seq #: 171 Time Generated: 17122:545 RTT: 0.216056 Number of Attempts: 1
Seq #: 172 Time Generated: 17222:685 RTT: 0.230308 Number of Attempts: 1
Seq #: 173 Time Generated: 17322:805 RTT: 0.213829 Number of Attempts: 1
Seq #: 174 Time Generated: 17422:939 RTT: 0.22766 Number of Attempts: 1
Seq #: 175 Time Generated: 17523:60 RTT: 0.239568 Number of Attempts: 1
Seq #: 176 Time Generated: 17623:185 RTT: 0.221312 Number of Attempts: 1
Seq #: 177 Time Generated: 17722:349 RTT: 0.246185 Number of Attempts: 1
Seq #: 178 Time Generated: 17822:470 RTT: 0.364592 Number of Attempts: 1
Seq #: 179 Time Generated: 17922:589 RTT: 0.215189 Number of Attempts: 1
Seq #: 180 Time Generated: 18022:868 RTT: 0.232164 Number of Attempts: 1
Seq #: 181 Time Generated: 18123:19 RTT: 0.242144 Number of Attempts: 1
Seq #: 182 Time Generated: 18223:152 RTT: 0.240481 Number of Attempts: 1
Seq #: 183 Time Generated: 18323:297 RTT: 0.246631 Number of Attempts: 1
Seq #: 184 Time Generated: 18423:439 RTT: 0.230718 Number of Attempts: 1
Seq #: 185 Time Generated: 18523:579 RTT: 0.236169 Number of Attempts: 1
Seq #: 186 Time Generated: 18623:729 RTT: 0.247899 Number of Attempts: 1
Seq #: 187 Time Generated: 18723:878 RTT: 0.225571 Number of Attempts: 1
Seq #: 188 Time Generated: 18824:19 RTT: 0.246851 Number of Attempts: 1
Seq #: 189 Time Generated: 18924:139 RTT: 0.284236 Number of Attempts: 1
Seq #: 190 Time Generated: 19024:277 RTT: 0.430663 Number of Attempts: 1
Seq #: 191 Time Generated: 19124:427 RTT: 0.225355 Number of Attempts: 1
Seq #: 192 Time Generated: 19224:552 RTT: 0.278647 Number of Attempts: 1
Seq #: 193 Time Generated: 19324:671 RTT: 0.225359 Number of Attempts: 1
Seq #: 194 Time Generated: 19424:828 RTT: 0.251219 Number of Attempts: 1
Seq #: 195 Time Generated: 19524:979 RTT: 0.24672 Number of Attempts: 1
Seq #: 196 Time Generated: 19625:136 RTT: 0.237408 Number of Attempts: 1
Seq #: 197 Time Generated: 19725:278 RTT: 0.223936 Number of Attempts: 1
Seq #: 198 Time Generated: 19825:406 RTT: 0.194713 Number of Attempts: 1
Seq #: 199 Time Generated: 19925:536 RTT: 0.244905 Number of Attempts: 1
Seq #: 200 Time Generated: 20025:685 RTT: 0.236083 Number of Attempts: 1
Seq #: 201 Time Generated: 20125:834 RTT: 0.227396 Number of Attempts: 1
Seq #: 202 Time Generated: 20225:983 RTT: 0.234721 Number of Attempts: 1
Seq #: 203 Time Generated: 20326:108 RTT: 0.203382 Number of Attempts: 1
Seq #: 204 Time Generated: 20426:256 RTT: 0.23048 Number of Attempts: 1
Seq #: 205 Time Generated: 20526:421 RTT: 0.215884 Number of Attempts: 1
Seq #: 206 Time Generated: 20626:539 RTT: 0.20924 Number of Attempts: 1
Seq #: 207 Time Generated: 20726:657 RTT: 0.212387 Number of Attempts: 1
Seq #: 208 Time Generated: 20826:772 RTT: 0.235686 Number of Attempts: 1
Seq #: 209 Time Generated: 20926:909 RTT: 0.254939 Number of Attempts: 1
Seq #: 210 Time Generated: 21027:45 RTT: 0.218143 Number of Attempts: 1
Seq #: 211 Time Generated: 21127:189 RTT: 0.255422 Number of Attempts: 1
Seq #: 212 Time Generated: 21227:307 RTT: 0.215818 Number of Attempts: 1
Seq #: 213 Time Generated: 21327:444 RTT: 0.225635 Number of Attempts: 1
Seq #: 214 Time Generated: 21427:592 RTT: 0.244949 Number of Attempts: 1
Seq #: 215 Time Generated: 21527:717 RTT: 0.272219 Number of Attempts: 1
Number of retransmissions exceeded 5 for packet with sequence number: 216
PACKET_GEN_RATE: 10
PACKET_LENGTH: 128
Retransmission ratio: 1.037037037037037
Average RTT (in ms): 0.29237956944444465
]0;ajay@ajay-Inspiron-3542: ~/Documents/acads/6th_sem/NetworksLab/LAB6ajay@ajay-Inspiron-3542:~/Documents/acads/6th_sem/NetworksLab/LAB6$ java Sender -s llocalhost -p 12345 -l 128 -r 10 -n 500 -w 3 -b 10 -d
Seq #: 0 Time Generated: 2:659 RTT: 1.609775 Number of Attempts: 1
Seq #: 1 Time Generated: 102:218 RTT: 0.280882 Number of Attempts: 1
Seq #: 2 Time Generated: 202:60 RTT: 0.434829 Number of Attempts: 1
Seq #: 3 Time Generated: 302:219 RTT: 0.297704 Number of Attempts: 1
Seq #: 4 Time Generated: 402:641 RTT: 0.274752 Number of Attempts: 1
Seq #: 5 Time Generated: 501:818 RTT: 0.294945 Number of Attempts: 1
Seq #: 6 Time Generated: 601:996 RTT: 0.296189 Number of Attempts: 1
Seq #: 7 Time Generated: 702:163 RTT: 0.287039 Number of Attempts: 1
Seq #: 8 Time Generated: 802:333 RTT: 0.329539 Number of Attempts: 1
Seq #: 9 Time Generated: 902:502 RTT: 0.478536 Number of Attempts: 1
Seq #: 10 Time Generated: 1002:667 RTT: 0.283281 Number of Attempts: 1
Seq #: 11 Time Generated: 1102:831 RTT: 0.542574 Number of Attempts: 1
Seq #: 12 Time Generated: 1203:25 RTT: 0.285338 Number of Attempts: 2
Seq #: 13 Time Generated: 1303:188 RTT: 0.298307 Number of Attempts: 1
Seq #: 14 Time Generated: 1403:664 RTT: 0.287537 Number of Attempts: 1
Seq #: 15 Time Generated: 1502:830 RTT: 0.313032 Number of Attempts: 1
Seq #: 16 Time Generated: 1603:16 RTT: 0.305738 Number of Attempts: 1
Seq #: 17 Time Generated: 1703:157 RTT: 0.303356 Number of Attempts: 1
Seq #: 18 Time Generated: 1803:268 RTT: 0.41343 Number of Attempts: 1
Seq #: 19 Time Generated: 1903:420 RTT: 0.338211 Number of Attempts: 1
Seq #: 20 Time Generated: 2003:585 RTT: 0.32943 Number of Attempts: 1
Seq #: 21 Time Generated: 2102:746 RTT: 0.28495 Number of Attempts: 1
Seq #: 22 Time Generated: 2202:914 RTT: 0.284006 Number of Attempts: 1
Seq #: 23 Time Generated: 2303:55 RTT: 0.291382 Number of Attempts: 1
Seq #: 24 Time Generated: 2403:225 RTT: 0.276609 Number of Attempts: 1
Seq #: 25 Time Generated: 2503:379 RTT: 0.250838 Number of Attempts: 1
Seq #: 26 Time Generated: 2603:534 RTT: 0.358291 Number of Attempts: 1
Seq #: 27 Time Generated: 2703:699 RTT: 0.27635 Number of Attempts: 1
Seq #: 28 Time Generated: 2803:836 RTT: 0.402164 Number of Attempts: 1
Seq #: 29 Time Generated: 2903:971 RTT: 0.296813 Number of Attempts: 1
Seq #: 30 Time Generated: 3004:189 RTT: 0.302783 Number of Attempts: 1
Seq #: 31 Time Generated: 3104:356 RTT: 0.267805 Number of Attempts: 1
Seq #: 32 Time Generated: 3204:535 RTT: 0.316149 Number of Attempts: 1
Seq #: 33 Time Generated: 3304:719 RTT: 0.290041 Number of Attempts: 1
Seq #: 34 Time Generated: 3404:902 RTT: 0.32799 Number of Attempts: 1
Seq #: 35 Time Generated: 3505:60 RTT: 0.336555 Number of Attempts: 1
Seq #: 36 Time Generated: 3605:253 RTT: -2.356669 Number of Attempts: 2
Seq #: 37 Time Generated: 3705:432 RTT: 0.318617 Number of Attempts: 1
Seq #: 38 Time Generated: 3805:614 RTT: 0.374321 Number of Attempts: 1
Seq #: 39 Time Generated: 3904:780 RTT: 0.305859 Number of Attempts: 1
Seq #: 40 Time Generated: 4004:947 RTT: 0.324362 Number of Attempts: 1
Seq #: 41 Time Generated: 4105:112 RTT: 0.315422 Number of Attempts: 1
Seq #: 42 Time Generated: 4205:277 RTT: 0.333576 Number of Attempts: 1
Seq #: 43 Time Generated: 4305:468 RTT: 0.311418 Number of Attempts: 1
Seq #: 44 Time Generated: 4405:638 RTT: 0.279027 Number of Attempts: 1
Seq #: 45 Time Generated: 4504:807 RTT: 0.251508 Number of Attempts: 1
Seq #: 46 Time Generated: 4604:976 RTT: 0.253613 Number of Attempts: 1
Seq #: 47 Time Generated: 4705:136 RTT: 0.268484 Number of Attempts: 1
Seq #: 48 Time Generated: 4805:265 RTT: 0.261844 Number of Attempts: 1
Seq #: 49 Time Generated: 4905:416 RTT: 0.289441 Number of Attempts: 1
Seq #: 50 Time Generated: 5005:565 RTT: 0.286769 Number of Attempts: 1
Seq #: 51 Time Generated: 5105:715 RTT: 0.280121 Number of Attempts: 1
Seq #: 52 Time Generated: 5205:891 RTT: 0.261965 Number of Attempts: 1
Seq #: 53 Time Generated: 5306:48 RTT: 0.261133 Number of Attempts: 1
Seq #: 54 Time Generated: 5406:187 RTT: 0.250388 Number of Attempts: 1
Seq #: 55 Time Generated: 5506:322 RTT: 0.376988 Number of Attempts: 1
Seq #: 56 Time Generated: 5606:465 RTT: 0.255015 Number of Attempts: 1
Seq #: 57 Time Generated: 5706:602 RTT: -0.013489 Number of Attempts: 2
Seq #: 58 Time Generated: 5805:756 RTT: 0.275401 Number of Attempts: 1
Seq #: 59 Time Generated: 5905:915 RTT: 0.493135 Number of Attempts: 1
Seq #: 60 Time Generated: 6006:102 RTT: 0.435037 Number of Attempts: 1
Seq #: 61 Time Generated: 6106:270 RTT: 0.512434 Number of Attempts: 1
Seq #: 62 Time Generated: 6211:557 RTT: 0.247665 Number of Attempts: 1
Seq #: 63 Time Generated: 6311:707 RTT: 0.311309 Number of Attempts: 1
Seq #: 64 Time Generated: 6411:876 RTT: 0.27934 Number of Attempts: 1
Seq #: 65 Time Generated: 6512:30 RTT: 0.295153 Number of Attempts: 1
Seq #: 66 Time Generated: 6612:179 RTT: 0.256976 Number of Attempts: 1
Seq #: 67 Time Generated: 6712:313 RTT: 0.275968 Number of Attempts: 1
Seq #: 68 Time Generated: 6812:462 RTT: 0.243538 Number of Attempts: 1
Seq #: 69 Time Generated: 6912:608 RTT: 0.252548 Number of Attempts: 1
Seq #: 70 Time Generated: 7011:758 RTT: 0.256691 Number of Attempts: 1
Seq #: 71 Time Generated: 7111:910 RTT: 0.253336 Number of Attempts: 1
Seq #: 72 Time Generated: 7212:75 RTT: 0.426463 Number of Attempts: 1
Seq #: 73 Time Generated: 7312:235 RTT: 0.257736 Number of Attempts: 1
Seq #: 74 Time Generated: 7412:558 RTT: 0.367515 Number of Attempts: 1
Seq #: 75 Time Generated: 7512:721 RTT: 0.853994 Number of Attempts: 1
Seq #: 76 Time Generated: 7612:881 RTT: 0.294202 Number of Attempts: 2
Seq #: 77 Time Generated: 7713:50 RTT: 0.30353 Number of Attempts: 1
Seq #: 78 Time Generated: 7813:200 RTT: 0.287149 Number of Attempts: 1
Seq #: 79 Time Generated: 7913:352 RTT: 4.687144 Number of Attempts: 2
Seq #: 80 Time Generated: 8013:525 RTT: 0.536083 Number of Attempts: 1
Seq #: 81 Time Generated: 8113:683 RTT: 0.459441 Number of Attempts: 1
Seq #: 82 Time Generated: 8213:835 RTT: 0.284119 Number of Attempts: 1
Seq #: 83 Time Generated: 8313:965 RTT: 0.408286 Number of Attempts: 1
Seq #: 84 Time Generated: 8414:79 RTT: 0.312157 Number of Attempts: 1
Seq #: 85 Time Generated: 8514:204 RTT: 0.281415 Number of Attempts: 1
Seq #: 86 Time Generated: 8614:374 RTT: 0.361909 Number of Attempts: 1
Seq #: 87 Time Generated: 8714:510 RTT: 0.261016 Number of Attempts: 1
Seq #: 88 Time Generated: 8814:677 RTT: 0.235466 Number of Attempts: 1
Seq #: 89 Time Generated: 8914:822 RTT: 0.244568 Number of Attempts: 1
Seq #: 90 Time Generated: 9014:966 RTT: 0.298046 Number of Attempts: 1
Seq #: 91 Time Generated: 9115:111 RTT: 0.30797 Number of Attempts: 1
Seq #: 92 Time Generated: 9215:235 RTT: 0.315699 Number of Attempts: 1
Seq #: 93 Time Generated: 9315:357 RTT: 0.251082 Number of Attempts: 1
Seq #: 94 Time Generated: 9415:481 RTT: 0.437828 Number of Attempts: 1
Seq #: 95 Time Generated: 9515:619 RTT: 0.230882 Number of Attempts: 1
Seq #: 96 Time Generated: 9614:776 RTT: 0.243988 Number of Attempts: 1
Seq #: 97 Time Generated: 9714:901 RTT: 0.418772 Number of Attempts: 1
Seq #: 98 Time Generated: 9815:24 RTT: 0.350604 Number of Attempts: 1
Seq #: 99 Time Generated: 9915:169 RTT: 0.234721 Number of Attempts: 1
Seq #: 100 Time Generated: 10015:308 RTT: 0.339827 Number of Attempts: 1
Seq #: 101 Time Generated: 10115:548 RTT: 0.275065 Number of Attempts: 1
Seq #: 102 Time Generated: 10215:688 RTT: 0.256897 Number of Attempts: 1
Seq #: 103 Time Generated: 10315:811 RTT: 0.234903 Number of Attempts: 1
Seq #: 104 Time Generated: 10415:969 RTT: 0.278941 Number of Attempts: 1
Seq #: 105 Time Generated: 10516:125 RTT: 0.247905 Number of Attempts: 1
Seq #: 106 Time Generated: 10616:258 RTT: 0.224238 Number of Attempts: 1
Seq #: 107 Time Generated: 10716:400 RTT: 0.270128 Number of Attempts: 1
Seq #: 108 Time Generated: 10816:549 RTT: 0.242562 Number of Attempts: 1
Seq #: 109 Time Generated: 10916:712 RTT: 0.255394 Number of Attempts: 1
Seq #: 110 Time Generated: 11016:852 RTT: 0.313651 Number of Attempts: 1
Seq #: 111 Time Generated: 11117:6 RTT: 0.245499 Number of Attempts: 1
Seq #: 112 Time Generated: 11217:144 RTT: 0.26386 Number of Attempts: 1
Seq #: 113 Time Generated: 11317:271 RTT: 0.236582 Number of Attempts: 1
Seq #: 114 Time Generated: 11417:422 RTT: 0.635778 Number of Attempts: 1
Seq #: 115 Time Generated: 11517:565 RTT: 0.244044 Number of Attempts: 1
Seq #: 116 Time Generated: 11617:682 RTT: 0.258769 Number of Attempts: 1
Seq #: 117 Time Generated: 11717:807 RTT: 0.265617 Number of Attempts: 1
Seq #: 118 Time Generated: 11817:940 RTT: 0.387672 Number of Attempts: 1
Seq #: 119 Time Generated: 11918:74 RTT: 0.465667 Number of Attempts: 1
Seq #: 120 Time Generated: 12018:228 RTT: 0.263589 Number of Attempts: 1
Seq #: 121 Time Generated: 12118:354 RTT: 0.348229 Number of Attempts: 1
Seq #: 122 Time Generated: 12218:477 RTT: 0.56762 Number of Attempts: 1
Seq #: 123 Time Generated: 12318:574 RTT: 0.624376 Number of Attempts: 1
Seq #: 124 Time Generated: 12417:727 RTT: 0.461976 Number of Attempts: 1
Seq #: 125 Time Generated: 12517:891 RTT: 0.244654 Number of Attempts: 1
Seq #: 126 Time Generated: 12618:53 RTT: 0.242306 Number of Attempts: 1
Seq #: 127 Time Generated: 12718:237 RTT: 0.239241 Number of Attempts: 1
Seq #: 128 Time Generated: 12818:372 RTT: 0.27197 Number of Attempts: 1
Seq #: 129 Time Generated: 12918:528 RTT: 0.2801 Number of Attempts: 1
Seq #: 130 Time Generated: 13018:700 RTT: 0.278699 Number of Attempts: 1
Seq #: 131 Time Generated: 13118:835 RTT: 0.294947 Number of Attempts: 1
Seq #: 132 Time Generated: 13218:970 RTT: 0.267359 Number of Attempts: 1
Seq #: 133 Time Generated: 13319:117 RTT: 0.242788 Number of Attempts: 1
Seq #: 134 Time Generated: 13419:224 RTT: 0.237746 Number of Attempts: 1
Seq #: 135 Time Generated: 13519:372 RTT: 0.259738 Number of Attempts: 1
Seq #: 136 Time Generated: 13619:504 RTT: 0.231953 Number of Attempts: 1
Seq #: 137 Time Generated: 13719:629 RTT: 0.343323 Number of Attempts: 1
Seq #: 138 Time Generated: 13818:761 RTT: 0.315407 Number of Attempts: 1
Seq #: 139 Time Generated: 13918:900 RTT: 0.241026 Number of Attempts: 1
Seq #: 140 Time Generated: 14019:653 RTT: 0.211831 Number of Attempts: 1
Seq #: 141 Time Generated: 14118:765 RTT: 0.266146 Number of Attempts: 1
Seq #: 142 Time Generated: 14218:905 RTT: 0.239853 Number of Attempts: 1
Seq #: 143 Time Generated: 14319:79 RTT: 0.241693 Number of Attempts: 1
Seq #: 144 Time Generated: 14419:208 RTT: 0.237764 Number of Attempts: 1
Seq #: 145 Time Generated: 14519:357 RTT: 0.265809 Number of Attempts: 1
Seq #: 146 Time Generated: 14619:490 RTT: 0.233591 Number of Attempts: 1
Seq #: 147 Time Generated: 14719:611 RTT: 0.246739 Number of Attempts: 1
Seq #: 148 Time Generated: 14818:745 RTT: 0.264575 Number of Attempts: 1
Seq #: 149 Time Generated: 14918:880 RTT: 0.25475 Number of Attempts: 1
Seq #: 150 Time Generated: 15019:13 RTT: 0.248118 Number of Attempts: 1
Seq #: 151 Time Generated: 15119:150 RTT: 0.391151 Number of Attempts: 1
Seq #: 152 Time Generated: 15219:271 RTT: 0.245953 Number of Attempts: 1
Seq #: 153 Time Generated: 15319:395 RTT: 0.236863 Number of Attempts: 1
Seq #: 154 Time Generated: 15419:519 RTT: 0.231221 Number of Attempts: 1
Seq #: 155 Time Generated: 15519:643 RTT: 0.231174 Number of Attempts: 1
Seq #: 156 Time Generated: 15620:158 RTT: 0.238903 Number of Attempts: 1
Seq #: 157 Time Generated: 15720:304 RTT: 0.263479 Number of Attempts: 1
Seq #: 158 Time Generated: 15820:436 RTT: 0.224428 Number of Attempts: 1
Seq #: 159 Time Generated: 15920:567 RTT: 0.251239 Number of Attempts: 1
Seq #: 160 Time Generated: 16020:677 RTT: 0.224679 Number of Attempts: 1
Seq #: 161 Time Generated: 16120:796 RTT: 0.220514 Number of Attempts: 1
Seq #: 162 Time Generated: 16220:917 RTT: 0.230253 Number of Attempts: 1
Seq #: 163 Time Generated: 16321:68 RTT: 0.259217 Number of Attempts: 1
Seq #: 164 Time Generated: 16421:210 RTT: 0.273557 Number of Attempts: 1
Seq #: 165 Time Generated: 16521:395 RTT: 0.645721 Number of Attempts: 1
Seq #: 166 Time Generated: 16621:548 RTT: 0.38939 Number of Attempts: 1
Seq #: 167 Time Generated: 16721:699 RTT: 0.238987 Number of Attempts: 1
Seq #: 168 Time Generated: 16821:846 RTT: 0.250175 Number of Attempts: 1
Seq #: 169 Time Generated: 16921:981 RTT: 0.230581 Number of Attempts: 1
Seq #: 170 Time Generated: 17022:136 RTT: 0.236756 Number of Attempts: 1
Seq #: 171 Time Generated: 17122:284 RTT: 0.240794 Number of Attempts: 1
Seq #: 172 Time Generated: 17222:439 RTT: 0.288114 Number of Attempts: 1
Seq #: 173 Time Generated: 17322:606 RTT: 0.27001 Number of Attempts: 1
Seq #: 174 Time Generated: 17421:758 RTT: 0.236035 Number of Attempts: 1
Seq #: 175 Time Generated: 17521:890 RTT: 0.325138 Number of Attempts: 1
Seq #: 176 Time Generated: 17622:39 RTT: 0.232606 Number of Attempts: 1
Seq #: 177 Time Generated: 17722:189 RTT: 0.320051 Number of Attempts: 1
Seq #: 178 Time Generated: 17822:345 RTT: 0.266996 Number of Attempts: 1
Seq #: 179 Time Generated: 17922:487 RTT: 0.367881 Number of Attempts: 1
Seq #: 180 Time Generated: 18022:656 RTT: 0.313344 Number of Attempts: 1
Seq #: 181 Time Generated: 18122:818 RTT: 0.247964 Number of Attempts: 1
Seq #: 182 Time Generated: 18222:967 RTT: 0.269591 Number of Attempts: 1
Seq #: 183 Time Generated: 18323:128 RTT: 0.232634 Number of Attempts: 1
Seq #: 184 Time Generated: 18423:284 RTT: 0.232137 Number of Attempts: 1
Seq #: 185 Time Generated: 18523:415 RTT: 0.213048 Number of Attempts: 1
Seq #: 186 Time Generated: 18623:570 RTT: 0.311015 Number of Attempts: 1
Seq #: 187 Time Generated: 18723:718 RTT: 0.300072 Number of Attempts: 1
Seq #: 188 Time Generated: 18823:851 RTT: 0.213621 Number of Attempts: 1
Seq #: 189 Time Generated: 18923:970 RTT: 0.219385 Number of Attempts: 1
Seq #: 190 Time Generated: 19024:89 RTT: 0.208853 Number of Attempts: 1
Seq #: 191 Time Generated: 19124:210 RTT: 0.226094 Number of Attempts: 1
Seq #: 192 Time Generated: 19224:352 RTT: 0.224872 Number of Attempts: 1
Seq #: 193 Time Generated: 19324:482 RTT: 0.214722 Number of Attempts: 1
Seq #: 194 Time Generated: 19424:601 RTT: 0.218684 Number of Attempts: 1
Seq #: 195 Time Generated: 19523:717 RTT: 0.190253 Number of Attempts: 1
Seq #: 196 Time Generated: 19623:863 RTT: 0.227336 Number of Attempts: 1
Seq #: 197 Time Generated: 19723:979 RTT: 0.204349 Number of Attempts: 1
Seq #: 198 Time Generated: 19824:99 RTT: 0.195741 Number of Attempts: 1
Seq #: 199 Time Generated: 19924:232 RTT: 0.207989 Number of Attempts: 1
Seq #: 200 Time Generated: 20024:355 RTT: 0.006846 Number of Attempts: 2
Seq #: 201 Time Generated: 20124:493 RTT: 0.222996 Number of Attempts: 1
Seq #: 202 Time Generated: 20224:641 RTT: 0.232082 Number of Attempts: 1
Seq #: 203 Time Generated: 20324:770 RTT: 0.204603 Number of Attempts: 1
Seq #: 204 Time Generated: 20424:917 RTT: 0.233276 Number of Attempts: 1
Seq #: 205 Time Generated: 20525:67 RTT: 0.284577 Number of Attempts: 1
Seq #: 206 Time Generated: 20625:208 RTT: 0.298729 Number of Attempts: 1
Seq #: 207 Time Generated: 20725:397 RTT: 0.248855 Number of Attempts: 1
Seq #: 208 Time Generated: 20825:527 RTT: 0.279477 Number of Attempts: 1
Seq #: 209 Time Generated: 20925:649 RTT: 0.21118 Number of Attempts: 1
Seq #: 210 Time Generated: 21025:786 RTT: 0.237841 Number of Attempts: 1
Seq #: 211 Time Generated: 21125:933 RTT: 0.238731 Number of Attempts: 1
Seq #: 212 Time Generated: 21226:89 RTT: 0.330791 Number of Attempts: 5
Seq #: 213 Time Generated: 21326:246 RTT: 0.219574 Number of Attempts: 1
Seq #: 214 Time Generated: 21426:388 RTT: 0.311037 Number of Attempts: 1
Seq #: 215 Time Generated: 21526:536 RTT: 0.305758 Number of Attempts: 1
Seq #: 216 Time Generated: 21626:685 RTT: 0.227335 Number of Attempts: 1
Seq #: 217 Time Generated: 21726:834 RTT: 0.229716 Number of Attempts: 1
Seq #: 218 Time Generated: 21826:979 RTT: 0.229573 Number of Attempts: 1
Seq #: 219 Time Generated: 21927:120 RTT: 0.23625 Number of Attempts: 1
Seq #: 220 Time Generated: 22027:265 RTT: 0.234805 Number of Attempts: 1
Seq #: 221 Time Generated: 22127:405 RTT: 0.213473 Number of Attempts: 1
Seq #: 222 Time Generated: 22227:529 RTT: 0.232644 Number of Attempts: 1
Seq #: 223 Time Generated: 22327:681 RTT: 0.243104 Number of Attempts: 1
Seq #: 224 Time Generated: 22427:834 RTT: 0.225437 Number of Attempts: 1
Seq #: 225 Time Generated: 22527:981 RTT: 0.318313 Number of Attempts: 1
Seq #: 226 Time Generated: 22628:111 RTT: 0.233294 Number of Attempts: 1
Seq #: 227 Time Generated: 22728:266 RTT: 0.259431 Number of Attempts: 1
Seq #: 228 Time Generated: 22828:422 RTT: 0.234434 Number of Attempts: 1
Seq #: 229 Time Generated: 22928:561 RTT: 0.228342 Number of Attempts: 1
Seq #: 230 Time Generated: 23028:696 RTT: 0.267368 Number of Attempts: 1
Seq #: 231 Time Generated: 23128:839 RTT: 0.246691 Number of Attempts: 1
Seq #: 232 Time Generated: 23229:13 RTT: 0.26463 Number of Attempts: 1
Seq #: 233 Time Generated: 23329:136 RTT: 0.274903 Number of Attempts: 1
Seq #: 234 Time Generated: 23429:257 RTT: 0.232287 Number of Attempts: 1
Seq #: 235 Time Generated: 23529:402 RTT: 0.212426 Number of Attempts: 1
Seq #: 236 Time Generated: 23629:540 RTT: 0.301315 Number of Attempts: 1
Seq #: 237 Time Generated: 23729:685 RTT: 0.272736 Number of Attempts: 1
Seq #: 238 Time Generated: 23829:857 RTT: 0.367262 Number of Attempts: 1
Seq #: 239 Time Generated: 23929:986 RTT: 0.273031 Number of Attempts: 1
Seq #: 240 Time Generated: 24030:103 RTT: 0.362708 Number of Attempts: 1
Seq #: 241 Time Generated: 24130:218 RTT: 0.211465 Number of Attempts: 1
Seq #: 242 Time Generated: 24230:357 RTT: 0.247806 Number of Attempts: 1
Seq #: 243 Time Generated: 24330:481 RTT: 0.233138 Number of Attempts: 1
Seq #: 244 Time Generated: 24430:598 RTT: 0.393209 Number of Attempts: 1
Seq #: 245 Time Generated: 24529:714 RTT: 0.316735 Number of Attempts: 1
Seq #: 246 Time Generated: 24629:914 RTT: 0.26808 Number of Attempts: 1
Seq #: 247 Time Generated: 24730:46 RTT: 0.221405 Number of Attempts: 1
Seq #: 248 Time Generated: 24830:159 RTT: 0.200516 Number of Attempts: 1
Seq #: 249 Time Generated: 24930:271 RTT: 0.199989 Number of Attempts: 1
Seq #: 250 Time Generated: 25030:385 RTT: 0.20163 Number of Attempts: 1
Seq #: 251 Time Generated: 25130:503 RTT: 0.212871 Number of Attempts: 1
Seq #: 252 Time Generated: 25230:640 RTT: 0.219731 Number of Attempts: 1
Seq #: 253 Time Generated: 25330:776 RTT: 0.206334 Number of Attempts: 1
Seq #: 254 Time Generated: 25430:900 RTT: 0.233691 Number of Attempts: 1
Seq #: 255 Time Generated: 25531:64 RTT: 0.294097 Number of Attempts: 1
Seq #: 0 Time Generated: 25631:249 RTT: 0.223376 Number of Attempts: 1
Seq #: 1 Time Generated: 25731:360 RTT: 0.024433 Number of Attempts: 2
Seq #: 2 Time Generated: 25831:503 RTT: 0.429729 Number of Attempts: 1
Seq #: 3 Time Generated: 25931:667 RTT: 0.290542 Number of Attempts: 1
Seq #: 4 Time Generated: 26031:798 RTT: 0.237105 Number of Attempts: 1
Seq #: 5 Time Generated: 26131:936 RTT: 0.220318 Number of Attempts: 1
Seq #: 6 Time Generated: 26232:74 RTT: 0.22051 Number of Attempts: 1
Seq #: 7 Time Generated: 26332:786 RTT: 0.125945 Number of Attempts: 2
Seq #: 8 Time Generated: 26432:902 RTT: 0.209711 Number of Attempts: 1
Seq #: 9 Time Generated: 26533:43 RTT: 0.211522 Number of Attempts: 1
Seq #: 10 Time Generated: 26633:165 RTT: 0.229808 Number of Attempts: 1
Seq #: 11 Time Generated: 26733:308 RTT: 0.273612 Number of Attempts: 1
Seq #: 12 Time Generated: 26833:443 RTT: 0.191581 Number of Attempts: 1
Seq #: 13 Time Generated: 26933:579 RTT: 0.206443 Number of Attempts: 1
Seq #: 14 Time Generated: 27033:718 RTT: 0.224551 Number of Attempts: 1
Seq #: 15 Time Generated: 27133:864 RTT: 0.260969 Number of Attempts: 1
Seq #: 16 Time Generated: 27234:33 RTT: 0.225902 Number of Attempts: 1
Seq #: 17 Time Generated: 27334:180 RTT: 0.230525 Number of Attempts: 1
Seq #: 18 Time Generated: 27434:307 RTT: 0.228308 Number of Attempts: 1
Seq #: 19 Time Generated: 27534:445 RTT: 0.223855 Number of Attempts: 1
Seq #: 20 Time Generated: 27634:583 RTT: 0.253154 Number of Attempts: 1
Seq #: 21 Time Generated: 27734:721 RTT: 0.237387 Number of Attempts: 1
Seq #: 22 Time Generated: 27835:480 RTT: 0.19878 Number of Attempts: 1
Seq #: 23 Time Generated: 27935:596 RTT: 0.236599 Number of Attempts: 1
Seq #: 24 Time Generated: 28034:713 RTT: 0.208317 Number of Attempts: 1
Seq #: 25 Time Generated: 28134:864 RTT: 0.220147 Number of Attempts: 1
Seq #: 26 Time Generated: 28234:996 RTT: 0.220229 Number of Attempts: 1
Seq #: 27 Time Generated: 28335:126 RTT: 0.2319 Number of Attempts: 1
Seq #: 28 Time Generated: 28435:267 RTT: 0.237061 Number of Attempts: 1
Seq #: 29 Time Generated: 28535:410 RTT: 0.210818 Number of Attempts: 1
Seq #: 30 Time Generated: 28635:537 RTT: 0.264905 Number of Attempts: 1
Seq #: 31 Time Generated: 28735:678 RTT: 0.276397 Number of Attempts: 1
Seq #: 32 Time Generated: 28835:848 RTT: 0.242279 Number of Attempts: 1
Seq #: 33 Time Generated: 28936:6 RTT: 0.226675 Number of Attempts: 1
Seq #: 34 Time Generated: 29036:163 RTT: 0.294617 Number of Attempts: 1
Seq #: 35 Time Generated: 29136:317 RTT: 0.080997 Number of Attempts: 2
Seq #: 36 Time Generated: 29236:461 RTT: 0.311094 Number of Attempts: 1
Seq #: 37 Time Generated: 29336:587 RTT: 0.225101 Number of Attempts: 1
Seq #: 38 Time Generated: 29435:717 RTT: 0.261442 Number of Attempts: 1
Seq #: 39 Time Generated: 29535:866 RTT: 0.323056 Number of Attempts: 1
Seq #: 40 Time Generated: 29636:29 RTT: 0.236791 Number of Attempts: 1
Seq #: 41 Time Generated: 29736:162 RTT: 0.215663 Number of Attempts: 1
Seq #: 42 Time Generated: 29836:293 RTT: 0.222312 Number of Attempts: 1
Seq #: 43 Time Generated: 29936:414 RTT: 0.21614 Number of Attempts: 1
Seq #: 44 Time Generated: 30036:563 RTT: 0.22193 Number of Attempts: 1
Seq #: 45 Time Generated: 30136:704 RTT: 0.206929 Number of Attempts: 1
Seq #: 46 Time Generated: 30236:855 RTT: 0.21612 Number of Attempts: 1
Seq #: 47 Time Generated: 30336:989 RTT: 0.224979 Number of Attempts: 1
Seq #: 48 Time Generated: 30437:137 RTT: 0.226582 Number of Attempts: 1
Seq #: 49 Time Generated: 30537:283 RTT: 0.260197 Number of Attempts: 1
Seq #: 50 Time Generated: 30637:422 RTT: 0.222328 Number of Attempts: 1
Seq #: 51 Time Generated: 30737:543 RTT: 0.204457 Number of Attempts: 1
Seq #: 52 Time Generated: 30837:672 RTT: 0.178379 Number of Attempts: 1
Seq #: 53 Time Generated: 30937:822 RTT: 0.206367 Number of Attempts: 1
Seq #: 54 Time Generated: 31037:963 RTT: 0.246637 Number of Attempts: 1
Seq #: 55 Time Generated: 31138:90 RTT: 0.190048 Number of Attempts: 1
Seq #: 56 Time Generated: 31238:243 RTT: 0.27129 Number of Attempts: 1
Seq #: 57 Time Generated: 31338:396 RTT: 0.234526 Number of Attempts: 1
Seq #: 58 Time Generated: 31438:569 RTT: 0.303431 Number of Attempts: 1
Seq #: 59 Time Generated: 31538:718 RTT: 0.239051 Number of Attempts: 1
Seq #: 60 Time Generated: 31638:853 RTT: 0.252452 Number of Attempts: 1
Seq #: 61 Time Generated: 31738:986 RTT: 0.287486 Number of Attempts: 1
Seq #: 62 Time Generated: 31839:119 RTT: 0.214717 Number of Attempts: 1
Seq #: 63 Time Generated: 31939:265 RTT: 0.23114 Number of Attempts: 1
Seq #: 64 Time Generated: 32039:394 RTT: 0.222679 Number of Attempts: 1
Seq #: 65 Time Generated: 32139:537 RTT: 0.27063 Number of Attempts: 1
Seq #: 66 Time Generated: 32239:697 RTT: 0.259274 Number of Attempts: 1
Seq #: 67 Time Generated: 32339:861 RTT: 0.213287 Number of Attempts: 1
Seq #: 68 Time Generated: 32440:3 RTT: 0.240016 Number of Attempts: 1
Seq #: 69 Time Generated: 32540:153 RTT: 0.234125 Number of Attempts: 1
Seq #: 70 Time Generated: 32640:298 RTT: 0.231856 Number of Attempts: 1
Seq #: 71 Time Generated: 32740:458 RTT: 0.204252 Number of Attempts: 1
Seq #: 72 Time Generated: 32840:601 RTT: 0.200824 Number of Attempts: 1
Seq #: 73 Time Generated: 32939:728 RTT: 0.222308 Number of Attempts: 1
Seq #: 74 Time Generated: 33039:858 RTT: 0.210256 Number of Attempts: 1
Seq #: 75 Time Generated: 33139:989 RTT: 0.160729 Number of Attempts: 1
Seq #: 76 Time Generated: 33240:115 RTT: 0.203888 Number of Attempts: 1
Seq #: 77 Time Generated: 33340:258 RTT: 0.298104 Number of Attempts: 1
Seq #: 78 Time Generated: 33440:415 RTT: 0.204292 Number of Attempts: 1
Seq #: 79 Time Generated: 33540:566 RTT: 0.217883 Number of Attempts: 1
Seq #: 80 Time Generated: 33640:706 RTT: 0.362578 Number of Attempts: 1
Seq #: 81 Time Generated: 33740:852 RTT: 0.217291 Number of Attempts: 1
Seq #: 82 Time Generated: 33841:4 RTT: 0.279453 Number of Attempts: 1
Seq #: 83 Time Generated: 33941:148 RTT: 0.276515 Number of Attempts: 1
Seq #: 84 Time Generated: 34041:324 RTT: 0.214518 Number of Attempts: 1
Seq #: 85 Time Generated: 34141:446 RTT: 0.296678 Number of Attempts: 1
Seq #: 86 Time Generated: 34241:603 RTT: 0.191526 Number of Attempts: 1
Seq #: 87 Time Generated: 34340:737 RTT: 0.215742 Number of Attempts: 1
Seq #: 88 Time Generated: 34440:888 RTT: 0.237995 Number of Attempts: 1
Seq #: 89 Time Generated: 34541:25 RTT: 0.20498 Number of Attempts: 1
Seq #: 90 Time Generated: 34641:160 RTT: 0.222634 Number of Attempts: 1
Seq #: 91 Time Generated: 34741:314 RTT: 0.243541 Number of Attempts: 1
Seq #: 92 Time Generated: 34841:452 RTT: 0.187847 Number of Attempts: 1
Seq #: 93 Time Generated: 34941:597 RTT: 0.228737 Number of Attempts: 1
Seq #: 94 Time Generated: 35040:727 RTT: 0.211646 Number of Attempts: 1
Seq #: 95 Time Generated: 35140:854 RTT: 0.206256 Number of Attempts: 1
Seq #: 96 Time Generated: 35240:989 RTT: 0.21603 Number of Attempts: 1
Seq #: 97 Time Generated: 35341:149 RTT: 0.340375 Number of Attempts: 1
Seq #: 98 Time Generated: 35441:304 RTT: 0.249679 Number of Attempts: 1
Seq #: 99 Time Generated: 35541:461 RTT: 0.217348 Number of Attempts: 1
Seq #: 100 Time Generated: 35641:609 RTT: 0.237851 Number of Attempts: 1
Seq #: 101 Time Generated: 35740:740 RTT: 0.886242 Number of Attempts: 1
Seq #: 102 Time Generated: 35840:884 RTT: 0.235271 Number of Attempts: 1
Seq #: 103 Time Generated: 35941:24 RTT: 0.287761 Number of Attempts: 1
Seq #: 104 Time Generated: 36041:156 RTT: 0.214508 Number of Attempts: 1
Seq #: 105 Time Generated: 36141:284 RTT: 0.24234 Number of Attempts: 1
Seq #: 106 Time Generated: 36241:432 RTT: 0.20818 Number of Attempts: 1
Seq #: 107 Time Generated: 36341:556 RTT: 0.191836 Number of Attempts: 1
Seq #: 108 Time Generated: 36441:662 RTT: 0.198335 Number of Attempts: 1
Seq #: 109 Time Generated: 36541:780 RTT: 0.204901 Number of Attempts: 1
Seq #: 110 Time Generated: 36641:919 RTT: 0.214345 Number of Attempts: 1
Seq #: 111 Time Generated: 36742:68 RTT: 0.26388 Number of Attempts: 1
Seq #: 112 Time Generated: 36842:193 RTT: 0.19743 Number of Attempts: 1
Seq #: 113 Time Generated: 36942:340 RTT: 0.278444 Number of Attempts: 1
Seq #: 114 Time Generated: 37042:505 RTT: 0.39335 Number of Attempts: 1
Seq #: 115 Time Generated: 37142:674 RTT: 0.465574 Number of Attempts: 1
Seq #: 116 Time Generated: 37242:846 RTT: 0.266343 Number of Attempts: 1
Seq #: 117 Time Generated: 37343:3 RTT: 0.198579 Number of Attempts: 1
Seq #: 118 Time Generated: 37443:146 RTT: 0.202688 Number of Attempts: 1
Seq #: 119 Time Generated: 37543:303 RTT: 0.227069 Number of Attempts: 1
Seq #: 120 Time Generated: 37643:448 RTT: 0.243746 Number of Attempts: 1
Seq #: 121 Time Generated: 37743:591 RTT: 0.237132 Number of Attempts: 1
Seq #: 122 Time Generated: 37842:722 RTT: 0.206869 Number of Attempts: 1
Seq #: 123 Time Generated: 37942:857 RTT: 0.183673 Number of Attempts: 1
Seq #: 124 Time Generated: 38043:15 RTT: 0.203152 Number of Attempts: 1
Seq #: 125 Time Generated: 38143:144 RTT: 0.186479 Number of Attempts: 1
Seq #: 126 Time Generated: 38243:299 RTT: 0.204103 Number of Attempts: 1
Seq #: 127 Time Generated: 38343:489 RTT: 0.232271 Number of Attempts: 1
Seq #: 128 Time Generated: 38443:642 RTT: 0.177212 Number of Attempts: 1
Seq #: 129 Time Generated: 38542:862 RTT: 0.21862 Number of Attempts: 1
Seq #: 130 Time Generated: 38643:27 RTT: 0.182171 Number of Attempts: 1
Seq #: 131 Time Generated: 38743:166 RTT: 0.209607 Number of Attempts: 1
Seq #: 132 Time Generated: 38843:295 RTT: 0.207201 Number of Attempts: 1
Seq #: 133 Time Generated: 38943:400 RTT: 0.198827 Number of Attempts: 1
Seq #: 134 Time Generated: 39043:497 RTT: 0.195006 Number of Attempts: 1
Seq #: 135 Time Generated: 39143:612 RTT: 0.176201 Number of Attempts: 1
Seq #: 136 Time Generated: 39242:736 RTT: 0.208958 Number of Attempts: 1
Seq #: 137 Time Generated: 39342:869 RTT: 0.210321 Number of Attempts: 1
Seq #: 138 Time Generated: 39443:17 RTT: 0.214082 Number of Attempts: 1
Seq #: 139 Time Generated: 39543:173 RTT: 0.201061 Number of Attempts: 1
Seq #: 140 Time Generated: 39643:297 RTT: 0.211784 Number of Attempts: 1
Seq #: 141 Time Generated: 39743:413 RTT: 0.252438 Number of Attempts: 1
Seq #: 142 Time Generated: 39843:552 RTT: 0.207896 Number of Attempts: 1
Seq #: 143 Time Generated: 39943:688 RTT: 0.191781 Number of Attempts: 1
Seq #: 144 Time Generated: 40043:833 RTT: 0.189559 Number of Attempts: 1
Seq #: 145 Time Generated: 40143:959 RTT: 0.164111 Number of Attempts: 1
Seq #: 146 Time Generated: 40244:93 RTT: 0.228481 Number of Attempts: 1
Seq #: 147 Time Generated: 40344:241 RTT: 0.200112 Number of Attempts: 1
Seq #: 148 Time Generated: 40444:372 RTT: 0.214632 Number of Attempts: 1
Seq #: 149 Time Generated: 40544:503 RTT: 0.213434 Number of Attempts: 1
Seq #: 150 Time Generated: 40644:628 RTT: 0.178142 Number of Attempts: 1
Seq #: 151 Time Generated: 40744:739 RTT: 0.198709 Number of Attempts: 1
Seq #: 152 Time Generated: 40844:852 RTT: 0.187394 Number of Attempts: 1
Seq #: 153 Time Generated: 40944:984 RTT: 0.23398 Number of Attempts: 1
Seq #: 154 Time Generated: 41045:102 RTT: 0.215472 Number of Attempts: 1
Seq #: 155 Time Generated: 41145:215 RTT: 0.193304 Number of Attempts: 1
Seq #: 156 Time Generated: 41245:358 RTT: 0.265259 Number of Attempts: 1
Seq #: 157 Time Generated: 41345:514 RTT: 0.252258 Number of Attempts: 1
Seq #: 158 Time Generated: 41445:658 RTT: 0.217798 Number of Attempts: 1
Seq #: 159 Time Generated: 41545:813 RTT: 0.20203 Number of Attempts: 1
Seq #: 160 Time Generated: 41645:961 RTT: 0.209603 Number of Attempts: 1
Seq #: 161 Time Generated: 41746:95 RTT: 0.20107 Number of Attempts: 1
Seq #: 162 Time Generated: 41846:227 RTT: 0.199299 Number of Attempts: 1
Seq #: 163 Time Generated: 41946:360 RTT: 0.207169 Number of Attempts: 1
Seq #: 164 Time Generated: 42046:489 RTT: 0.212179 Number of Attempts: 1
Seq #: 165 Time Generated: 42146:636 RTT: 0.222093 Number of Attempts: 1
Seq #: 166 Time Generated: 42246:772 RTT: 0.198778 Number of Attempts: 1
Seq #: 167 Time Generated: 42346:906 RTT: 0.214041 Number of Attempts: 1
Seq #: 168 Time Generated: 42447:51 RTT: 0.215607 Number of Attempts: 1
Seq #: 169 Time Generated: 42547:199 RTT: 0.224256 Number of Attempts: 1
Seq #: 170 Time Generated: 42647:327 RTT: 0.006155 Number of Attempts: 2
Seq #: 171 Time Generated: 42747:497 RTT: 0.338513 Number of Attempts: 1
Seq #: 172 Time Generated: 42847:616 RTT: 0.190932 Number of Attempts: 1
Seq #: 173 Time Generated: 42946:727 RTT: 0.186767 Number of Attempts: 1
Seq #: 174 Time Generated: 43046:860 RTT: 0.295749 Number of Attempts: 1
Seq #: 175 Time Generated: 43147:5 RTT: 0.228099 Number of Attempts: 1
Seq #: 176 Time Generated: 43247:143 RTT: 0.210029 Number of Attempts: 1
Seq #: 177 Time Generated: 43347:254 RTT: 0.168618 Number of Attempts: 1
Seq #: 178 Time Generated: 43447:361 RTT: 0.181209 Number of Attempts: 1
Seq #: 179 Time Generated: 43547:463 RTT: 0.185359 Number of Attempts: 1
Seq #: 180 Time Generated: 43647:594 RTT: 0.204742 Number of Attempts: 1
Seq #: 181 Time Generated: 43746:725 RTT: 0.218228 Number of Attempts: 1
Seq #: 182 Time Generated: 43846:866 RTT: 0.1928 Number of Attempts: 1
Seq #: 183 Time Generated: 43947:20 RTT: 0.200495 Number of Attempts: 1
Seq #: 184 Time Generated: 44047:158 RTT: 0.219738 Number of Attempts: 1
Seq #: 185 Time Generated: 44147:274 RTT: 0.159228 Number of Attempts: 1
Seq #: 186 Time Generated: 44247:392 RTT: 0.188498 Number of Attempts: 1
Seq #: 187 Time Generated: 44347:510 RTT: 0.191603 Number of Attempts: 1
Seq #: 188 Time Generated: 44447:642 RTT: 0.20328 Number of Attempts: 1
Seq #: 189 Time Generated: 44547:775 RTT: 0.196312 Number of Attempts: 1
Seq #: 190 Time Generated: 44647:902 RTT: 0.377282 Number of Attempts: 1
Seq #: 191 Time Generated: 44748:35 RTT: 0.226593 Number of Attempts: 1
Seq #: 192 Time Generated: 44848:168 RTT: 0.257498 Number of Attempts: 1
Seq #: 193 Time Generated: 44948:277 RTT: 0.200933 Number of Attempts: 1
Seq #: 194 Time Generated: 45048:419 RTT: 0.241554 Number of Attempts: 1
Seq #: 195 Time Generated: 45148:577 RTT: 0.219853 Number of Attempts: 1
Seq #: 196 Time Generated: 45248:716 RTT: 0.213646 Number of Attempts: 1
Seq #: 197 Time Generated: 45348:861 RTT: 0.212407 Number of Attempts: 1
Seq #: 198 Time Generated: 45449:4 RTT: 0.198574 Number of Attempts: 1
Seq #: 199 Time Generated: 45549:147 RTT: 0.223428 Number of Attempts: 1
Seq #: 200 Time Generated: 45649:258 RTT: 0.2175 Number of Attempts: 1
Seq #: 201 Time Generated: 45749:408 RTT: 0.224208 Number of Attempts: 1
Seq #: 202 Time Generated: 45849:604 RTT: 0.297903 Number of Attempts: 1
Seq #: 203 Time Generated: 45948:747 RTT: 0.219969 Number of Attempts: 1
Seq #: 204 Time Generated: 46048:891 RTT: 0.198723 Number of Attempts: 1
Seq #: 205 Time Generated: 46149:21 RTT: 0.190344 Number of Attempts: 1
Seq #: 206 Time Generated: 46249:154 RTT: 0.22054 Number of Attempts: 1
Seq #: 207 Time Generated: 46349:277 RTT: 0.208703 Number of Attempts: 1
Seq #: 208 Time Generated: 46449:413 RTT: 0.225504 Number of Attempts: 1
Seq #: 209 Time Generated: 46549:538 RTT: 0.196266 Number of Attempts: 1
Seq #: 210 Time Generated: 46649:691 RTT: 0.193422 Number of Attempts: 1
Seq #: 211 Time Generated: 46749:831 RTT: 0.216636 Number of Attempts: 1
Seq #: 212 Time Generated: 46849:951 RTT: 0.190148 Number of Attempts: 1
Seq #: 213 Time Generated: 46950:70 RTT: 0.183008 Number of Attempts: 1
Seq #: 214 Time Generated: 47050:186 RTT: 0.200303 Number of Attempts: 1
Seq #: 215 Time Generated: 47150:301 RTT: 0.192999 Number of Attempts: 1
Seq #: 216 Time Generated: 47250:423 RTT: 0.21221 Number of Attempts: 1
Seq #: 217 Time Generated: 47351:0 RTT: 0.184537 Number of Attempts: 1
Seq #: 218 Time Generated: 47451:157 RTT: 0.213485 Number of Attempts: 1
Seq #: 219 Time Generated: 47551:277 RTT: 0.188314 Number of Attempts: 1
Seq #: 220 Time Generated: 47651:387 RTT: 0.2037 Number of Attempts: 1
Seq #: 221 Time Generated: 47751:521 RTT: 0.211055 Number of Attempts: 1
Seq #: 222 Time Generated: 47851:665 RTT: 0.208937 Number of Attempts: 1
Seq #: 223 Time Generated: 47951:809 RTT: 0.204375 Number of Attempts: 1
Seq #: 224 Time Generated: 48051:951 RTT: 0.203378 Number of Attempts: 1
Seq #: 225 Time Generated: 48152:93 RTT: 0.177417 Number of Attempts: 1
Seq #: 226 Time Generated: 48252:221 RTT: 0.179734 Number of Attempts: 1
Seq #: 227 Time Generated: 48352:346 RTT: 0.182222 Number of Attempts: 1
Seq #: 228 Time Generated: 48452:476 RTT: 0.243281 Number of Attempts: 1
Seq #: 229 Time Generated: 48552:626 RTT: 0.18725 Number of Attempts: 1
Seq #: 230 Time Generated: 48652:776 RTT: 0.242219 Number of Attempts: 1
Seq #: 231 Time Generated: 48752:927 RTT: 0.230276 Number of Attempts: 1
Seq #: 232 Time Generated: 48853:64 RTT: 0.238147 Number of Attempts: 1
Seq #: 233 Time Generated: 48953:218 RTT: 0.217738 Number of Attempts: 1
Seq #: 234 Time Generated: 49053:344 RTT: 0.187082 Number of Attempts: 1
Seq #: 235 Time Generated: 49153:459 RTT: 0.210367 Number of Attempts: 1
Seq #: 236 Time Generated: 49253:653 RTT: 0.23381 Number of Attempts: 1
Seq #: 237 Time Generated: 49352:816 RTT: 0.335292 Number of Attempts: 1
Seq #: 238 Time Generated: 49452:944 RTT: 0.212878 Number of Attempts: 1
Seq #: 239 Time Generated: 49553:43 RTT: 0.217809 Number of Attempts: 1
Seq #: 240 Time Generated: 49653:181 RTT: 0.767848 Number of Attempts: 1
Seq #: 241 Time Generated: 49753:332 RTT: 0.251659 Number of Attempts: 1
Seq #: 242 Time Generated: 49853:472 RTT: 0.287736 Number of Attempts: 1
Seq #: 243 Time Generated: 49953:591 RTT: 0.247802 Number of Attempts: 1
MAX_PACKETS sent. Terminating...
PACKET_GEN_RATE: 10
PACKET_LENGTH: 128
Retransmission ratio: 1.028
Average RTT (in ms): 0.26378957999999986
]0;ajay@ajay-Inspiron-3542: ~/Documents/acads/6th_sem/NetworksLab/LAB6ajay@ajay-Inspiron-3542:~/Documents/acads/6th_sem/NetworksLab/LAB6$ java Sender -s llocalhost -p 12345 -l 128 -r 10 -n 500 -w 3 -b 10 -d[A]0;ajay@ajay-Inspiron-3542: ~/Documents/acads/6th_sem/NetworksLab/LAB6ajay@ajay-Inspiron-3542:~/Documents/acads/6th_sem/NetworksLab/LAB6$ [K
[K[A[C[C[C[C[C[C[C[C[C[C[C[C[C[C[C[C[C[C[C[C[C[C[C[C[C[C[C[C[C[C[C[C[C[C[C[C[C[C[C[C[C[C[C[C[C[C[C[C[C[C[C[C[C[C[C[C[C[C[C[C[C[C[C[C[C[C[C[Cexit
exit

Script done on Monday 06 March 2017 09:39:52 PM IST
